<?xml version="1.0" encoding="UTF-8"?>
<coverage generated="1785790708905" clover="3.2.0">
  <project timestamp="1785790708905" name="All files">
    <metrics statements="300" coveredstatements="167" conditionals="202" coveredconditionals="80" methods="40" coveredmethods="19" elements="542" coveredelements="266" complexity="0" loc="300" ncloc="300" packages="6" files="8" classes="8"/>
    <package name="src">
      <metrics statements="37" coveredstatements="35" conditionals="10" coveredconditionals="6" methods="5" coveredmethods="4"/>
      <file name="app.js" path="C:\Users\Administrator\OneDrive\Desktop\tic tc toe server socket\src\app.js">
        <metrics statements="37" coveredstatements="35" conditionals="10" coveredconditionals="6" methods="5" coveredmethods="4"/>
        <line num="1" count="1" type="stmt"/>
        <line num="2" count="1" type="stmt"/>
        <line num="3" count="1" type="stmt"/>
        <line num="4" count="1" type="stmt"/>
        <line num="5" count="1" type="stmt"/>
        <line num="6" count="1" type="stmt"/>
        <line num="7" count="1" type="stmt"/>
        <line num="8" count="1" type="stmt"/>
        <line num="10" count="1" type="cond" truecount="1" falsecount="1"/>
        <line num="11" count="1" type="cond" truecount="2" falsecount="0"/>
        <line num="12" count="1" type="stmt"/>
        <line num="13" count="1" type="stmt"/>
        <line num="15" count="1" type="stmt"/>
        <line num="18" count="1" type="stmt"/>
        <line num="21" count="1" type="stmt"/>
        <line num="28" count="1" type="stmt"/>
        <line num="29" count="4" type="stmt"/>
        <line num="42" count="4" type="stmt"/>
        <line num="46" count="1" type="stmt"/>
        <line num="56" count="1" type="stmt"/>
        <line num="57" count="1" type="stmt"/>
        <line num="60" count="1" type="stmt"/>
        <line num="62" count="4" type="stmt"/>
        <line num="67" count="1" type="stmt"/>
        <line num="74" count="0" type="stmt"/>
        <line num="75" count="0" type="stmt"/>
        <line num="81" count="1" type="stmt"/>
        <line num="84" count="1" type="stmt"/>
        <line num="85" count="1" type="stmt"/>
        <line num="94" count="1" type="stmt"/>
        <line num="97" count="1" type="stmt"/>
        <line num="98" count="1" type="stmt"/>
        <line num="99" count="1" type="stmt"/>
        <line num="110" count="1" type="stmt"/>
        <line num="111" count="1" type="stmt"/>
        <line num="112" count="1" type="stmt"/>
        <line num="115" count="1" type="stmt"/>
      </file>
    </package>
    <package name="src.controllers">
      <metrics statements="48" coveredstatements="18" conditionals="33" coveredconditionals="10" methods="3" coveredmethods="2"/>
      <file name="authController.js" path="C:\Users\Administrator\OneDrive\Desktop\tic tc toe server socket\src\controllers\authController.js">
        <metrics statements="48" coveredstatements="18" conditionals="33" coveredconditionals="10" methods="3" coveredmethods="2"/>
        <line num="1" count="1" type="stmt"/>
        <line num="2" count="1" type="stmt"/>
        <line num="3" count="1" type="stmt"/>
        <line num="4" count="1" type="stmt"/>
        <line num="6" count="1" type="cond" truecount="2" falsecount="0"/>
        <line num="7" count="1" type="stmt"/>
        <line num="10" count="0" type="stmt"/>
        <line num="29" count="1" type="stmt"/>
        <line num="30" count="1" type="stmt"/>
        <line num="32" count="1" type="cond" truecount="1" falsecount="1"/>
        <line num="33" count="1" type="cond" truecount="1" falsecount="1"/>
        <line num="35" count="1" type="cond" truecount="3" falsecount="2"/>
        <line num="36" count="1" type="stmt"/>
        <line num="42" count="0" type="cond" truecount="0" falsecount="4"/>
        <line num="43" count="0" type="stmt"/>
        <line num="49" count="0" type="stmt"/>
        <line num="50" count="0" type="cond" truecount="0" falsecount="2"/>
        <line num="51" count="0" type="stmt"/>
        <line num="57" count="0" type="stmt"/>
        <line num="58" count="0" type="cond" truecount="0" falsecount="2"/>
        <line num="59" count="0" type="stmt"/>
        <line num="65" count="0" type="stmt"/>
        <line num="66" count="0" type="stmt"/>
        <line num="67" count="0" type="stmt"/>
        <line num="69" count="0" type="stmt"/>
        <line num="76" count="0" type="stmt"/>
        <line num="77" count="0" type="stmt"/>
        <line num="79" count="0" type="stmt"/>
        <line num="94" count="0" type="stmt"/>
        <line num="95" count="0" type="stmt"/>
        <line num="107" count="1" type="stmt"/>
        <line num="108" count="1" type="stmt"/>
        <line num="109" count="1" type="cond" truecount="1" falsecount="1"/>
        <line num="111" count="1" type="cond" truecount="2" falsecount="2"/>
        <line num="112" count="1" type="stmt"/>
        <line num="118" count="0" type="cond" truecount="0" falsecount="4"/>
        <line num="119" count="0" type="stmt"/>
        <line num="125" count="0" type="stmt"/>
        <line num="126" count="0" type="cond" truecount="0" falsecount="2"/>
        <line num="127" count="0" type="stmt"/>
        <line num="133" count="0" type="stmt"/>
        <line num="134" count="0" type="cond" truecount="0" falsecount="2"/>
        <line num="135" count="0" type="stmt"/>
        <line num="141" count="0" type="stmt"/>
        <line num="143" count="0" type="stmt"/>
        <line num="157" count="0" type="stmt"/>
        <line num="158" count="0" type="stmt"/>
        <line num="165" count="1" type="stmt"/>
      </file>
    </package>
    <package name="src.models">
      <metrics statements="43" coveredstatements="16" conditionals="20" coveredconditionals="0" methods="4" coveredmethods="0"/>
      <file name="Match.js" path="C:\Users\Administrator\OneDrive\Desktop\tic tc toe server socket\src\models\Match.js">
        <metrics statements="34" coveredstatements="10" conditionals="20" coveredconditionals="0" methods="3" coveredmethods="0"/>
        <line num="1" count="1" type="stmt"/>
        <line num="3" count="1" type="stmt"/>
        <line num="66" count="1" type="stmt"/>
        <line num="67" count="1" type="stmt"/>
        <line num="68" count="1" type="stmt"/>
        <line num="69" count="1" type="stmt"/>
        <line num="72" count="1" type="cond" truecount="0" falsecount="1"/>
        <line num="73" count="0" type="cond" truecount="0" falsecount="2"/>
        <line num="74" count="0" type="stmt"/>
        <line num="77" count="0" type="cond" truecount="0" falsecount="2"/>
        <line num="78" count="0" type="stmt"/>
        <line num="81" count="0" type="stmt"/>
        <line num="84" count="1" type="stmt"/>
        <line num="85" count="0" type="stmt"/>
        <line num="89" count="0" type="stmt"/>
        <line num="90" count="0" type="stmt"/>
        <line num="91" count="0" type="stmt"/>
        <line num="92" count="0" type="stmt"/>
        <line num="93" count="0" type="stmt"/>
        <line num="95" count="0" type="stmt"/>
        <line num="96" count="0" type="stmt"/>
        <line num="97" count="0" type="cond" truecount="0" falsecount="2"/>
        <line num="98" count="0" type="cond" truecount="0" falsecount="2"/>
        <line num="99" count="0" type="stmt"/>
        <line num="100" count="0" type="cond" truecount="0" falsecount="2"/>
        <line num="101" count="0" type="stmt"/>
        <line num="103" count="0" type="stmt"/>
        <line num="107" count="0" type="stmt"/>
        <line num="117" count="1" type="cond" truecount="0" falsecount="1"/>
        <line num="118" count="0" type="cond" truecount="0" falsecount="2"/>
        <line num="120" count="0" type="cond" truecount="0" falsecount="2"/>
        <line num="121" count="0" type="stmt"/>
        <line num="143" count="0" type="stmt"/>
        <line num="146" count="1" type="stmt"/>
      </file>
      <file name="Player.js" path="C:\Users\Administrator\OneDrive\Desktop\tic tc toe server socket\src\models\Player.js">
        <metrics statements="9" coveredstatements="6" conditionals="0" coveredconditionals="0" methods="1" coveredmethods="0"/>
        <line num="1" count="1" type="stmt"/>
        <line num="3" count="1" type="stmt"/>
        <line num="144" count="0" type="stmt"/>
        <line num="145" count="0" type="stmt"/>
        <line num="146" count="0" type="stmt"/>
        <line num="153" count="1" type="stmt"/>
        <line num="154" count="1" type="stmt"/>
        <line num="155" count="1" type="stmt"/>
        <line num="157" count="1" type="stmt"/>
      </file>
    </package>
    <package name="src.routes">
      <metrics statements="6" coveredstatements="6" conditionals="0" coveredconditionals="0" methods="0" coveredmethods="0"/>
      <file name="auth.js" path="C:\Users\Administrator\OneDrive\Desktop\tic tc toe server socket\src\routes\auth.js">
        <metrics statements="6" coveredstatements="6" conditionals="0" coveredconditionals="0" methods="0" coveredmethods="0"/>
        <line num="1" count="1" type="stmt"/>
        <line num="2" count="1" type="stmt"/>
        <line num="4" count="1" type="stmt"/>
        <line num="11" count="1" type="stmt"/>
        <line num="18" count="1" type="stmt"/>
        <line num="20" count="1" type="stmt"/>
      </file>
    </package>
    <package name="src.sockets">
      <metrics statements="69" coveredstatements="20" conditionals="55" coveredconditionals="11" methods="14" coveredmethods="4"/>
      <file name="roomManager.js" path="C:\Users\Administrator\OneDrive\Desktop\tic tc toe server socket\src\sockets\roomManager.js">
        <metrics statements="69" coveredstatements="20" conditionals="55" coveredconditionals="11" methods="14" coveredmethods="4"/>
        <line num="1" count="1" type="stmt"/>
        <line num="2" count="1" type="stmt"/>
        <line num="3" count="1" type="stmt"/>
        <line num="6" count="1" type="stmt"/>
        <line num="7" count="1" type="stmt"/>
        <line num="8" count="1" type="stmt"/>
        <line num="10" count="1" type="stmt"/>
        <line num="25" count="1" type="stmt"/>
        <line num="26" count="1" type="stmt"/>
        <line num="27" count="1" type="stmt"/>
        <line num="28" count="6" type="stmt"/>
        <line num="30" count="1" type="cond" truecount="1" falsecount="1"/>
        <line num="37" count="5" type="stmt"/>
        <line num="38" count="29" type="cond" truecount="5" falsecount="0"/>
        <line num="39" count="4" type="stmt"/>
        <line num="42" count="1" type="stmt"/>
        <line num="49" count="0" type="stmt"/>
        <line num="50" count="0" type="cond" truecount="0" falsecount="2"/>
        <line num="57" count="1" type="stmt"/>
        <line num="70" count="0" type="stmt"/>
        <line num="88" count="2" type="stmt"/>
        <line num="89" count="2" type="stmt"/>
        <line num="110" count="0" type="stmt"/>
        <line num="111" count="0" type="cond" truecount="0" falsecount="2"/>
        <line num="112" count="0" type="stmt"/>
        <line num="120" count="0" type="stmt"/>
        <line num="121" count="0" type="cond" truecount="0" falsecount="2"/>
        <line num="122" count="0" type="stmt"/>
        <line num="125" count="0" type="stmt"/>
        <line num="126" count="0" type="stmt"/>
        <line num="127" count="0" type="stmt"/>
        <line num="129" count="0" type="cond" truecount="0" falsecount="2"/>
        <line num="130" count="0" type="stmt"/>
        <line num="133" count="0" type="cond" truecount="0" falsecount="2"/>
        <line num="135" count="0" type="cond" truecount="0" falsecount="2"/>
        <line num="136" count="0" type="stmt"/>
        <line num="137" count="0" type="stmt"/>
        <line num="138" count="0" type="cond" truecount="0" falsecount="2"/>
        <line num="143" count="0" type="stmt"/>
        <line num="144" count="0" type="stmt"/>
        <line num="147" count="0" type="stmt"/>
        <line num="150" count="0" type="stmt"/>
        <line num="154" count="0" type="stmt"/>
        <line num="155" count="0" type="stmt"/>
        <line num="156" count="0" type="cond" truecount="0" falsecount="5"/>
        <line num="157" count="0" type="cond" truecount="0" falsecount="4"/>
        <line num="158" count="0" type="stmt"/>
        <line num="159" count="0" type="cond" truecount="0" falsecount="2"/>
        <line num="160" count="0" type="stmt"/>
        <line num="162" count="0" type="stmt"/>
        <line num="172" count="0" type="stmt"/>
        <line num="173" count="0" type="cond" truecount="0" falsecount="2"/>
        <line num="174" count="0" type="stmt"/>
        <line num="175" count="0" type="stmt"/>
        <line num="178" count="0" type="cond" truecount="0" falsecount="4"/>
        <line num="179" count="0" type="stmt"/>
        <line num="193" count="0" type="stmt"/>
        <line num="194" count="0" type="stmt"/>
        <line num="196" count="0" type="stmt"/>
        <line num="204" count="0" type="stmt"/>
        <line num="205" count="0" type="stmt"/>
        <line num="206" count="0" type="stmt"/>
        <line num="207" count="0" type="stmt"/>
        <line num="208" count="0" type="cond" truecount="0" falsecount="2"/>
        <line num="209" count="0" type="stmt"/>
        <line num="211" count="0" type="cond" truecount="0" falsecount="5"/>
        <line num="212" count="0" type="stmt"/>
        <line num="213" count="0" type="stmt"/>
        <line num="219" count="1" type="stmt"/>
      </file>
    </package>
    <package name="src.utils">
      <metrics statements="97" coveredstatements="72" conditionals="84" coveredconditionals="53" methods="14" coveredmethods="9"/>
      <file name="logger.js" path="C:\Users\Administrator\OneDrive\Desktop\tic tc toe server socket\src\utils\logger.js">
        <metrics statements="24" coveredstatements="19" conditionals="15" coveredconditionals="8" methods="5" coveredmethods="2"/>
        <line num="1" count="1" type="stmt"/>
        <line num="2" count="1" type="stmt"/>
        <line num="3" count="1" type="stmt"/>
        <line num="6" count="1" type="stmt"/>
        <line num="7" count="1" type="cond" truecount="1" falsecount="1"/>
        <line num="8" count="0" type="stmt"/>
        <line num="12" count="1" type="stmt"/>
        <line num="16" count="4" type="stmt"/>
        <line num="17" count="4" type="cond" truecount="1" falsecount="1"/>
        <line num="18" count="4" type="stmt"/>
        <line num="20" count="4" type="cond" truecount="1" falsecount="1"/>
        <line num="21" count="0" type="stmt"/>
        <line num="23" count="4" type="stmt"/>
        <line num="28" count="1" type="stmt"/>
        <line num="32" count="4" type="stmt"/>
        <line num="33" count="4" type="cond" truecount="1" falsecount="1"/>
        <line num="34" count="4" type="stmt"/>
        <line num="36" count="4" type="stmt"/>
        <line num="40" count="1" type="stmt"/>
        <line num="72" count="1" type="cond" truecount="1" falsecount="1"/>
        <line num="73" count="0" type="stmt"/>
        <line num="82" count="0" type="stmt"/>
        <line num="96" count="0" type="stmt"/>
        <line num="99" count="1" type="stmt"/>
      </file>
      <file name="validation.js" path="C:\Users\Administrator\OneDrive\Desktop\tic tc toe server socket\src\utils\validation.js">
        <metrics statements="73" coveredstatements="53" conditionals="69" coveredconditionals="45" methods="9" coveredmethods="7"/>
        <line num="6" count="1" type="stmt"/>
        <line num="7" count="1" type="stmt"/>
        <line num="8" count="1" type="stmt"/>
        <line num="11" count="1" type="stmt"/>
        <line num="14" count="1" type="stmt"/>
        <line num="17" count="1" type="stmt"/>
        <line num="20" count="1" type="stmt"/>
        <line num="21" count="1" type="stmt"/>
        <line num="30" count="7" type="cond" truecount="4" falsecount="0"/>
        <line num="31" count="1" type="stmt"/>
        <line num="34" count="6" type="stmt"/>
        <line num="36" count="6" type="cond" truecount="2" falsecount="0"/>
        <line num="37" count="1" type="stmt"/>
        <line num="40" count="5" type="cond" truecount="2" falsecount="0"/>
        <line num="41" count="1" type="stmt"/>
        <line num="44" count="4" type="stmt"/>
        <line num="47" count="4" type="cond" truecount="1" falsecount="1"/>
        <line num="48" count="0" type="stmt"/>
        <line num="52" count="4" type="stmt"/>
        <line num="53" count="4" type="cond" truecount="2" falsecount="0"/>
        <line num="54" count="2" type="stmt"/>
        <line num="57" count="2" type="stmt"/>
        <line num="67" count="4" type="cond" truecount="3" falsecount="1"/>
        <line num="68" count="0" type="stmt"/>
        <line num="71" count="4" type="stmt"/>
        <line num="73" count="4" type="cond" truecount="2" falsecount="0"/>
        <line num="74" count="2" type="stmt"/>
        <line num="77" count="2" type="stmt"/>
        <line num="87" count="3" type="cond" truecount="3" falsecount="1"/>
        <line num="88" count="0" type="stmt"/>
        <line num="91" count="3" type="stmt"/>
        <line num="93" count="3" type="cond" truecount="2" falsecount="0"/>
        <line num="94" count="1" type="stmt"/>
        <line num="98" count="2" type="stmt"/>
        <line num="99" count="2" type="cond" truecount="2" falsecount="0"/>
        <line num="100" count="1" type="stmt"/>
        <line num="103" count="1" type="stmt"/>
        <line num="113" count="2" type="cond" truecount="3" falsecount="1"/>
        <line num="114" count="0" type="stmt"/>
        <line num="117" count="2" type="stmt"/>
        <line num="119" count="2" type="cond" truecount="2" falsecount="0"/>
        <line num="120" count="1" type="stmt"/>
        <line num="123" count="1" type="cond" truecount="1" falsecount="1"/>
        <line num="124" count="0" type="stmt"/>
        <line num="127" count="1" type="stmt"/>
        <line num="137" count="4" type="cond" truecount="3" falsecount="1"/>
        <line num="138" count="0" type="stmt"/>
        <line num="141" count="4" type="cond" truecount="2" falsecount="0"/>
        <line num="142" count="1" type="stmt"/>
        <line num="145" count="3" type="cond" truecount="1" falsecount="1"/>
        <line num="146" count="0" type="stmt"/>
        <line num="150" count="3" type="cond" truecount="4" falsecount="0"/>
        <line num="151" count="2" type="stmt"/>
        <line num="154" count="1" type="stmt"/>
        <line num="165" count="0" type="cond" truecount="0" falsecount="4"/>
        <line num="166" count="0" type="stmt"/>
        <line num="169" count="0" type="stmt"/>
        <line num="171" count="0" type="cond" truecount="0" falsecount="2"/>
        <line num="172" count="0" type="stmt"/>
        <line num="175" count="0" type="stmt"/>
        <line num="186" count="0" type="cond" truecount="0" falsecount="4"/>
        <line num="187" count="0" type="stmt"/>
        <line num="190" count="0" type="stmt"/>
        <line num="192" count="0" type="cond" truecount="0" falsecount="2"/>
        <line num="193" count="0" type="stmt"/>
        <line num="196" count="0" type="stmt"/>
        <line num="206" count="1" type="cond" truecount="3" falsecount="1"/>
        <line num="207" count="0" type="stmt"/>
        <line num="209" count="1" type="stmt"/>
        <line num="219" count="2" type="cond" truecount="2" falsecount="0"/>
        <line num="220" count="2" type="cond" truecount="1" falsecount="1"/>
        <line num="221" count="2" type="stmt"/>
        <line num="224" count="1" type="stmt"/>
      </file>
    </package>
  </project>
</coverage>
