{"C:\\Users\\Administrator\\OneDrive\\Desktop\\tic tc toe server socket\\src\\app.js": {"path":"C:\\Users\\Administrator\\OneDrive\\Desktop\\tic tc toe server socket\\src\\app.js","statementMap":{"0":{"start":{"line":1,"column":16},"end":{"line":1,"column":34}},"1":{"start":{"line":2,"column":13},"end":{"line":2,"column":28}},"2":{"start":{"line":3,"column":15},"end":{"line":3,"column":32}},"3":{"start":{"line":4,"column":13},"end":{"line":4,"column":28}},"4":{"start":{"line":5,"column":15},"end":{"line":5,"column":32}},"5":{"start":{"line":6,"column":18},"end":{"line":6,"column":47}},"6":{"start":{"line":7,"column":19},"end":{"line":7,"column":43}},"7":{"start":{"line":8,"column":19},"end":{"line":8,"column":44}},"8":{"start":{"line":10,"column":17},"end":{"line":10,"column":54}},"9":{"start":{"line":11,"column":20},"end":{"line":11,"column":50}},"10":{"start":{"line":12,"column":29},"end":{"line":12,"column":43}},"11":{"start":{"line":13,"column":23},"end":{"line":13,"column":26}},"12":{"start":{"line":15,"column":12},"end":{"line":15,"column":21}},"13":{"start":{"line":18,"column":0},"end":{"line":18,"column":26}},"14":{"start":{"line":21,"column":0},"end":{"line":26,"column":2}},"15":{"start":{"line":28,"column":0},"end":{"line":43,"column":3}},"16":{"start":{"line":29,"column":4},"end":{"line":41,"column":6}},"17":{"start":{"line":42,"column":4},"end":{"line":42,"column":11}},"18":{"start":{"line":46,"column":0},"end":{"line":53,"column":2}},"19":{"start":{"line":56,"column":0},"end":{"line":56,"column":41}},"20":{"start":{"line":57,"column":0},"end":{"line":57,"column":63}},"21":{"start":{"line":60,"column":0},"end":{"line":64,"column":2}},"22":{"start":{"line":62,"column":32},"end":{"line":62,"column":55}},"23":{"start":{"line":67,"column":19},"end":{"line":80,"column":2}},"24":{"start":{"line":74,"column":8},"end":{"line":74,"column":75}},"25":{"start":{"line":75,"column":8},"end":{"line":78,"column":11}},"26":{"start":{"line":81,"column":0},"end":{"line":81,"column":29}},"27":{"start":{"line":84,"column":19},"end":{"line":84,"column":55}},"28":{"start":{"line":85,"column":0},"end":{"line":91,"column":2}},"29":{"start":{"line":94,"column":0},"end":{"line":94,"column":33}},"30":{"start":{"line":97,"column":0},"end":{"line":107,"column":3}},"31":{"start":{"line":98,"column":34},"end":{"line":98,"column":66}},"32":{"start":{"line":99,"column":4},"end":{"line":106,"column":7}},"33":{"start":{"line":110,"column":0},"end":{"line":113,"column":3}},"34":{"start":{"line":111,"column":16},"end":{"line":111,"column":42}},"35":{"start":{"line":112,"column":4},"end":{"line":112,"column":70}},"36":{"start":{"line":115,"column":0},"end":{"line":115,"column":21}}},"fnMap":{"0":{"name":"(anonymous_0)","decl":{"start":{"line":28,"column":8},"end":{"line":28,"column":9}},"loc":{"start":{"line":28,"column":28},"end":{"line":43,"column":1}},"line":28},"1":{"name":"(anonymous_1)","decl":{"start":{"line":62,"column":25},"end":{"line":62,"column":26}},"loc":{"start":{"line":62,"column":32},"end":{"line":62,"column":55}},"line":62},"2":{"name":"(anonymous_2)","decl":{"start":{"line":73,"column":13},"end":{"line":73,"column":14}},"loc":{"start":{"line":73,"column":27},"end":{"line":79,"column":5}},"line":73},"3":{"name":"(anonymous_3)","decl":{"start":{"line":97,"column":19},"end":{"line":97,"column":20}},"loc":{"start":{"line":97,"column":34},"end":{"line":107,"column":1}},"line":97},"4":{"name":"(anonymous_4)","decl":{"start":{"line":110,"column":24},"end":{"line":110,"column":25}},"loc":{"start":{"line":110,"column":39},"end":{"line":113,"column":1}},"line":110}},"branchMap":{"0":{"loc":{"start":{"line":10,"column":17},"end":{"line":10,"column":54}},"type":"binary-expr","locations":[{"start":{"line":10,"column":17},"end":{"line":10,"column":37}},{"start":{"line":10,"column":41},"end":{"line":10,"column":54}}],"line":10},"1":{"loc":{"start":{"line":11,"column":20},"end":{"line":11,"column":50}},"type":"binary-expr","locations":[{"start":{"line":11,"column":20},"end":{"line":11,"column":43}},{"start":{"line":11,"column":47},"end":{"line":11,"column":50}}],"line":11},"2":{"loc":{"start":{"line":48,"column":16},"end":{"line":48,"column":67}},"type":"cond-expr","locations":[{"start":{"line":48,"column":38},"end":{"line":48,"column":42}},{"start":{"line":48,"column":45},"end":{"line":48,"column":67}}],"line":48},"3":{"loc":{"start":{"line":61,"column":11},"end":{"line":61,"column":57}},"type":"cond-expr","locations":[{"start":{"line":61,"column":39},"end":{"line":61,"column":49}},{"start":{"line":61,"column":52},"end":{"line":61,"column":57}}],"line":61},"4":{"loc":{"start":{"line":87,"column":16},"end":{"line":87,"column":54}},"type":"cond-expr","locations":[{"start":{"line":87,"column":44},"end":{"line":87,"column":48}},{"start":{"line":87,"column":51},"end":{"line":87,"column":54}}],"line":87}},"s":{"0":1,"1":1,"2":1,"3":1,"4":1,"5":1,"6":1,"7":1,"8":1,"9":1,"10":1,"11":1,"12":1,"13":1,"14":1,"15":1,"16":4,"17":4,"18":1,"19":1,"20":1,"21":1,"22":4,"23":1,"24":0,"25":0,"26":1,"27":1,"28":1,"29":1,"30":1,"31":1,"32":1,"33":1,"34":1,"35":1,"36":1},"f":{"0":4,"1":4,"2":0,"3":1,"4":1},"b":{"0":[1,0],"1":[1,1],"2":[1,0],"3":[0,1],"4":[0,1]},"_coverageSchema":"1a1c01bbd47fc00a2c39e90264f33305004495a9","hash":"bf31c87be4c39a6f28c04b9e16d36de89beb8c23"}
,"C:\\Users\\Administrator\\OneDrive\\Desktop\\tic tc toe server socket\\src\\controllers\\authController.js": {"path":"C:\\Users\\Administrator\\OneDrive\\Desktop\\tic tc toe server socket\\src\\controllers\\authController.js","statementMap":{"0":{"start":{"line":1,"column":15},"end":{"line":1,"column":32}},"1":{"start":{"line":2,"column":12},"end":{"line":2,"column":35}},"2":{"start":{"line":3,"column":17},"end":{"line":3,"column":36}},"3":{"start":{"line":4,"column":15},"end":{"line":4,"column":42}},"4":{"start":{"line":6,"column":19},"end":{"line":6,"column":87}},"5":{"start":{"line":7,"column":23},"end":{"line":7,"column":27}},"6":{"start":{"line":10,"column":4},"end":{"line":21,"column":6}},"7":{"start":{"line":29,"column":4},"end":{"line":99,"column":5}},"8":{"start":{"line":30,"column":46},"end":{"line":30,"column":54}},"9":{"start":{"line":32,"column":35},"end":{"line":32,"column":86}},"10":{"start":{"line":33,"column":32},"end":{"line":33,"column":91}},"11":{"start":{"line":35,"column":8},"end":{"line":40,"column":9}},"12":{"start":{"line":36,"column":12},"end":{"line":39,"column":15}},"13":{"start":{"line":42,"column":8},"end":{"line":47,"column":9}},"14":{"start":{"line":43,"column":12},"end":{"line":46,"column":15}},"15":{"start":{"line":49,"column":31},"end":{"line":49,"column":85}},"16":{"start":{"line":50,"column":8},"end":{"line":55,"column":9}},"17":{"start":{"line":51,"column":12},"end":{"line":54,"column":15}},"18":{"start":{"line":57,"column":28},"end":{"line":57,"column":76}},"19":{"start":{"line":58,"column":8},"end":{"line":63,"column":9}},"20":{"start":{"line":59,"column":12},"end":{"line":62,"column":15}},"21":{"start":{"line":65,"column":31},"end":{"line":65,"column":62}},"22":{"start":{"line":66,"column":29},"end":{"line":66,"column":58}},"23":{"start":{"line":67,"column":23},"end":{"line":67,"column":51}},"24":{"start":{"line":69,"column":23},"end":{"line":74,"column":10}},"25":{"start":{"line":76,"column":8},"end":{"line":76,"column":28}},"26":{"start":{"line":77,"column":22},"end":{"line":77,"column":39}},"27":{"start":{"line":79,"column":8},"end":{"line":92,"column":11}},"28":{"start":{"line":94,"column":8},"end":{"line":94,"column":46}},"29":{"start":{"line":95,"column":8},"end":{"line":98,"column":11}},"30":{"start":{"line":107,"column":4},"end":{"line":162,"column":5}},"31":{"start":{"line":108,"column":36},"end":{"line":108,"column":44}},"32":{"start":{"line":109,"column":32},"end":{"line":109,"column":91}},"33":{"start":{"line":111,"column":8},"end":{"line":116,"column":9}},"34":{"start":{"line":112,"column":12},"end":{"line":115,"column":15}},"35":{"start":{"line":118,"column":8},"end":{"line":123,"column":9}},"36":{"start":{"line":119,"column":12},"end":{"line":122,"column":15}},"37":{"start":{"line":125,"column":23},"end":{"line":125,"column":91}},"38":{"start":{"line":126,"column":8},"end":{"line":131,"column":9}},"39":{"start":{"line":127,"column":12},"end":{"line":130,"column":15}},"40":{"start":{"line":133,"column":30},"end":{"line":133,"column":77}},"41":{"start":{"line":134,"column":8},"end":{"line":139,"column":9}},"42":{"start":{"line":135,"column":12},"end":{"line":138,"column":15}},"43":{"start":{"line":141,"column":22},"end":{"line":141,"column":39}},"44":{"start":{"line":143,"column":8},"end":{"line":155,"column":11}},"45":{"start":{"line":157,"column":8},"end":{"line":157,"column":43}},"46":{"start":{"line":158,"column":8},"end":{"line":161,"column":11}},"47":{"start":{"line":165,"column":0},"end":{"line":169,"column":2}}},"fnMap":{"0":{"name":"signToken","decl":{"start":{"line":9,"column":9},"end":{"line":9,"column":18}},"loc":{"start":{"line":9,"column":27},"end":{"line":22,"column":1}},"line":9},"1":{"name":"register","decl":{"start":{"line":28,"column":15},"end":{"line":28,"column":23}},"loc":{"start":{"line":28,"column":34},"end":{"line":100,"column":1}},"line":28},"2":{"name":"login","decl":{"start":{"line":106,"column":15},"end":{"line":106,"column":20}},"loc":{"start":{"line":106,"column":31},"end":{"line":163,"column":1}},"line":106}},"branchMap":{"0":{"loc":{"start":{"line":6,"column":19},"end":{"line":6,"column":87}},"type":"binary-expr","locations":[{"start":{"line":6,"column":19},"end":{"line":6,"column":41}},{"start":{"line":6,"column":45},"end":{"line":6,"column":87}}],"line":6},"1":{"loc":{"start":{"line":32,"column":35},"end":{"line":32,"column":86}},"type":"cond-expr","locations":[{"start":{"line":32,"column":66},"end":{"line":32,"column":81}},{"start":{"line":32,"column":84},"end":{"line":32,"column":86}}],"line":32},"2":{"loc":{"start":{"line":33,"column":32},"end":{"line":33,"column":91}},"type":"cond-expr","locations":[{"start":{"line":33,"column":60},"end":{"line":33,"column":86}},{"start":{"line":33,"column":89},"end":{"line":33,"column":91}}],"line":33},"3":{"loc":{"start":{"line":35,"column":8},"end":{"line":40,"column":9}},"type":"if","locations":[{"start":{"line":35,"column":8},"end":{"line":40,"column":9}},{"start":{},"end":{}}],"line":35},"4":{"loc":{"start":{"line":35,"column":12},"end":{"line":35,"column":64}},"type":"binary-expr","locations":[{"start":{"line":35,"column":12},"end":{"line":35,"column":31}},{"start":{"line":35,"column":35},"end":{"line":35,"column":51}},{"start":{"line":35,"column":55},"end":{"line":35,"column":64}}],"line":35},"5":{"loc":{"start":{"line":42,"column":8},"end":{"line":47,"column":9}},"type":"if","locations":[{"start":{"line":42,"column":8},"end":{"line":47,"column":9}},{"start":{},"end":{}}],"line":42},"6":{"loc":{"start":{"line":42,"column":12},"end":{"line":42,"column":72}},"type":"binary-expr","locations":[{"start":{"line":42,"column":12},"end":{"line":42,"column":32}},{"start":{"line":42,"column":36},"end":{"line":42,"column":72}}],"line":42},"7":{"loc":{"start":{"line":50,"column":8},"end":{"line":55,"column":9}},"type":"if","locations":[{"start":{"line":50,"column":8},"end":{"line":55,"column":9}},{"start":{},"end":{}}],"line":50},"8":{"loc":{"start":{"line":58,"column":8},"end":{"line":63,"column":9}},"type":"if","locations":[{"start":{"line":58,"column":8},"end":{"line":63,"column":9}},{"start":{},"end":{}}],"line":58},"9":{"loc":{"start":{"line":109,"column":32},"end":{"line":109,"column":91}},"type":"cond-expr","locations":[{"start":{"line":109,"column":60},"end":{"line":109,"column":86}},{"start":{"line":109,"column":89},"end":{"line":109,"column":91}}],"line":109},"10":{"loc":{"start":{"line":111,"column":8},"end":{"line":116,"column":9}},"type":"if","locations":[{"start":{"line":111,"column":8},"end":{"line":116,"column":9}},{"start":{},"end":{}}],"line":111},"11":{"loc":{"start":{"line":111,"column":12},"end":{"line":111,"column":41}},"type":"binary-expr","locations":[{"start":{"line":111,"column":12},"end":{"line":111,"column":28}},{"start":{"line":111,"column":32},"end":{"line":111,"column":41}}],"line":111},"12":{"loc":{"start":{"line":118,"column":8},"end":{"line":123,"column":9}},"type":"if","locations":[{"start":{"line":118,"column":8},"end":{"line":123,"column":9}},{"start":{},"end":{}}],"line":118},"13":{"loc":{"start":{"line":118,"column":12},"end":{"line":118,"column":72}},"type":"binary-expr","locations":[{"start":{"line":118,"column":12},"end":{"line":118,"column":32}},{"start":{"line":118,"column":36},"end":{"line":118,"column":72}}],"line":118},"14":{"loc":{"start":{"line":126,"column":8},"end":{"line":131,"column":9}},"type":"if","locations":[{"start":{"line":126,"column":8},"end":{"line":131,"column":9}},{"start":{},"end":{}}],"line":126},"15":{"loc":{"start":{"line":134,"column":8},"end":{"line":139,"column":9}},"type":"if","locations":[{"start":{"line":134,"column":8},"end":{"line":139,"column":9}},{"start":{},"end":{}}],"line":134}},"s":{"0":1,"1":1,"2":1,"3":1,"4":1,"5":1,"6":0,"7":1,"8":1,"9":1,"10":1,"11":1,"12":1,"13":0,"14":0,"15":0,"16":0,"17":0,"18":0,"19":0,"20":0,"21":0,"22":0,"23":0,"24":0,"25":0,"26":0,"27":0,"28":0,"29":0,"30":1,"31":1,"32":1,"33":1,"34":1,"35":0,"36":0,"37":0,"38":0,"39":0,"40":0,"41":0,"42":0,"43":0,"44":0,"45":0,"46":0,"47":1},"f":{"0":0,"1":1,"2":1},"b":{"0":[1,1],"1":[1,0],"2":[0,1],"3":[1,0],"4":[1,1,0],"5":[0,0],"6":[0,0],"7":[0,0],"8":[0,0],"9":[0,1],"10":[1,0],"11":[1,0],"12":[0,0],"13":[0,0],"14":[0,0],"15":[0,0]},"_coverageSchema":"1a1c01bbd47fc00a2c39e90264f33305004495a9","hash":"87e174f25e22313aa121b4297b69edd35110e69a"}
,"C:\\Users\\Administrator\\OneDrive\\Desktop\\tic tc toe server socket\\src\\models\\Match.js": {"path":"C:\\Users\\Administrator\\OneDrive\\Desktop\\tic tc toe server socket\\src\\models\\Match.js","statementMap":{"0":{"start":{"line":1,"column":17},"end":{"line":1,"column":36}},"1":{"start":{"line":3,"column":20},"end":{"line":63,"column":1}},"2":{"start":{"line":66,"column":0},"end":{"line":66,"column":49}},"3":{"start":{"line":67,"column":0},"end":{"line":67,"column":50}},"4":{"start":{"line":68,"column":0},"end":{"line":68,"column":45}},"5":{"start":{"line":69,"column":0},"end":{"line":69,"column":47}},"6":{"start":{"line":72,"column":0},"end":{"line":82,"column":2}},"7":{"start":{"line":73,"column":43},"end":{"line":73,"column":50}},"8":{"start":{"line":74,"column":18},"end":{"line":76,"column":5}},"9":{"start":{"line":77,"column":4},"end":{"line":79,"column":5}},"10":{"start":{"line":78,"column":8},"end":{"line":78,"column":26}},"11":{"start":{"line":81,"column":4},"end":{"line":81,"column":82}},"12":{"start":{"line":84,"column":0},"end":{"line":115,"column":2}},"13":{"start":{"line":85,"column":20},"end":{"line":87,"column":13}},"14":{"start":{"line":89,"column":15},"end":{"line":89,"column":16}},"15":{"start":{"line":90,"column":17},"end":{"line":90,"column":18}},"16":{"start":{"line":91,"column":16},"end":{"line":91,"column":17}},"17":{"start":{"line":92,"column":16},"end":{"line":92,"column":17}},"18":{"start":{"line":93,"column":24},"end":{"line":93,"column":25}},"19":{"start":{"line":95,"column":4},"end":{"line":105,"column":5}},"20":{"start":{"line":96,"column":8},"end":{"line":96,"column":16}},"21":{"start":{"line":97,"column":8},"end":{"line":97,"column":41}},"22":{"start":{"line":98,"column":8},"end":{"line":104,"column":9}},"23":{"start":{"line":99,"column":12},"end":{"line":99,"column":20}},"24":{"start":{"line":100,"column":15},"end":{"line":104,"column":9}},"25":{"start":{"line":101,"column":12},"end":{"line":101,"column":19}},"26":{"start":{"line":103,"column":12},"end":{"line":103,"column":21}},"27":{"start":{"line":107,"column":4},"end":{"line":114,"column":6}},"28":{"start":{"line":117,"column":0},"end":{"line":144,"column":2}},"29":{"start":{"line":118,"column":51},"end":{"line":118,"column":58}},"30":{"start":{"line":120,"column":18},"end":{"line":120,"column":38}},"31":{"start":{"line":121,"column":21},"end":{"line":141,"column":5}},"32":{"start":{"line":143,"column":4},"end":{"line":143,"column":36}},"33":{"start":{"line":146,"column":0},"end":{"line":146,"column":54}}},"fnMap":{"0":{"name":"(anonymous_0)","decl":{"start":{"line":72,"column":39},"end":{"line":72,"column":40}},"loc":{"start":{"line":72,"column":81},"end":{"line":82,"column":1}},"line":72},"1":{"name":"(anonymous_1)","decl":{"start":{"line":84,"column":37},"end":{"line":84,"column":38}},"loc":{"start":{"line":84,"column":65},"end":{"line":115,"column":1}},"line":84},"2":{"name":"(anonymous_2)","decl":{"start":{"line":117,"column":37},"end":{"line":117,"column":38}},"loc":{"start":{"line":117,"column":67},"end":{"line":144,"column":1}},"line":117}},"branchMap":{"0":{"loc":{"start":{"line":72,"column":67},"end":{"line":72,"column":79}},"type":"default-arg","locations":[{"start":{"line":72,"column":77},"end":{"line":72,"column":79}}],"line":72},"1":{"loc":{"start":{"line":73,"column":12},"end":{"line":73,"column":22}},"type":"default-arg","locations":[{"start":{"line":73,"column":20},"end":{"line":73,"column":22}}],"line":73},"2":{"loc":{"start":{"line":73,"column":24},"end":{"line":73,"column":32}},"type":"default-arg","locations":[{"start":{"line":73,"column":31},"end":{"line":73,"column":32}}],"line":73},"3":{"loc":{"start":{"line":77,"column":4},"end":{"line":79,"column":5}},"type":"if","locations":[{"start":{"line":77,"column":4},"end":{"line":79,"column":5}},{"start":{},"end":{}}],"line":77},"4":{"loc":{"start":{"line":97,"column":25},"end":{"line":97,"column":40}},"type":"binary-expr","locations":[{"start":{"line":97,"column":25},"end":{"line":97,"column":35}},{"start":{"line":97,"column":39},"end":{"line":97,"column":40}}],"line":97},"5":{"loc":{"start":{"line":98,"column":8},"end":{"line":104,"column":9}},"type":"if","locations":[{"start":{"line":98,"column":8},"end":{"line":104,"column":9}},{"start":{"line":100,"column":15},"end":{"line":104,"column":9}}],"line":98},"6":{"loc":{"start":{"line":100,"column":15},"end":{"line":104,"column":9}},"type":"if","locations":[{"start":{"line":100,"column":15},"end":{"line":104,"column":9}},{"start":{"line":102,"column":15},"end":{"line":104,"column":9}}],"line":100},"7":{"loc":{"start":{"line":112,"column":17},"end":{"line":112,"column":66}},"type":"cond-expr","locations":[{"start":{"line":112,"column":29},"end":{"line":112,"column":62}},{"start":{"line":112,"column":65},"end":{"line":112,"column":66}}],"line":112},"8":{"loc":{"start":{"line":113,"column":21},"end":{"line":113,"column":70}},"type":"cond-expr","locations":[{"start":{"line":113,"column":33},"end":{"line":113,"column":66}},{"start":{"line":113,"column":69},"end":{"line":113,"column":70}}],"line":113},"9":{"loc":{"start":{"line":117,"column":53},"end":{"line":117,"column":65}},"type":"default-arg","locations":[{"start":{"line":117,"column":63},"end":{"line":117,"column":65}}],"line":117},"10":{"loc":{"start":{"line":118,"column":12},"end":{"line":118,"column":23}},"type":"default-arg","locations":[{"start":{"line":118,"column":20},"end":{"line":118,"column":23}}],"line":118},"11":{"loc":{"start":{"line":118,"column":31},"end":{"line":118,"column":46}},"type":"default-arg","locations":[{"start":{"line":118,"column":40},"end":{"line":118,"column":46}}],"line":118},"12":{"loc":{"start":{"line":120,"column":18},"end":{"line":120,"column":38}},"type":"cond-expr","locations":[{"start":{"line":120,"column":25},"end":{"line":120,"column":33}},{"start":{"line":120,"column":36},"end":{"line":120,"column":38}}],"line":120}},"s":{"0":1,"1":1,"2":1,"3":1,"4":1,"5":1,"6":1,"7":0,"8":0,"9":0,"10":0,"11":0,"12":1,"13":0,"14":0,"15":0,"16":0,"17":0,"18":0,"19":0,"20":0,"21":0,"22":0,"23":0,"24":0,"25":0,"26":0,"27":0,"28":1,"29":0,"30":0,"31":0,"32":0,"33":1},"f":{"0":0,"1":0,"2":0},"b":{"0":[0],"1":[0],"2":[0],"3":[0,0],"4":[0,0],"5":[0,0],"6":[0,0],"7":[0,0],"8":[0,0],"9":[0],"10":[0],"11":[0],"12":[0,0]},"_coverageSchema":"1a1c01bbd47fc00a2c39e90264f33305004495a9","hash":"8b094290de1cba1f908fc00f7ea1fcfc858dd35d"}
,"C:\\Users\\Administrator\\OneDrive\\Desktop\\tic tc toe server socket\\src\\models\\Player.js": {"path":"C:\\Users\\Administrator\\OneDrive\\Desktop\\tic tc toe server socket\\src\\models\\Player.js","statementMap":{"0":{"start":{"line":1,"column":17},"end":{"line":1,"column":36}},"1":{"start":{"line":3,"column":21},"end":{"line":150,"column":1}},"2":{"start":{"line":144,"column":16},"end":{"line":144,"column":36}},"3":{"start":{"line":145,"column":16},"end":{"line":145,"column":31}},"4":{"start":{"line":146,"column":16},"end":{"line":146,"column":27}},"5":{"start":{"line":153,"column":0},"end":{"line":153,"column":41}},"6":{"start":{"line":154,"column":0},"end":{"line":154,"column":41}},"7":{"start":{"line":155,"column":0},"end":{"line":155,"column":42}},"8":{"start":{"line":157,"column":0},"end":{"line":157,"column":56}}},"fnMap":{"0":{"name":"(anonymous_0)","decl":{"start":{"line":143,"column":12},"end":{"line":143,"column":13}},"loc":{"start":{"line":143,"column":32},"end":{"line":147,"column":13}},"line":143}},"branchMap":{},"s":{"0":1,"1":1,"2":0,"3":0,"4":0,"5":1,"6":1,"7":1,"8":1},"f":{"0":0},"b":{},"_coverageSchema":"1a1c01bbd47fc00a2c39e90264f33305004495a9","hash":"3d062d7ad2054c18c6af1078c7b399e26aa17698"}
,"C:\\Users\\Administrator\\OneDrive\\Desktop\\tic tc toe server socket\\src\\routes\\auth.js": {"path":"C:\\Users\\Administrator\\OneDrive\\Desktop\\tic tc toe server socket\\src\\routes\\auth.js","statementMap":{"0":{"start":{"line":1,"column":16},"end":{"line":1,"column":34}},"1":{"start":{"line":2,"column":28},"end":{"line":2,"column":68}},"2":{"start":{"line":4,"column":15},"end":{"line":4,"column":31}},"3":{"start":{"line":11,"column":0},"end":{"line":11,"column":35}},"4":{"start":{"line":18,"column":0},"end":{"line":18,"column":29}},"5":{"start":{"line":20,"column":0},"end":{"line":20,"column":24}}},"fnMap":{},"branchMap":{},"s":{"0":1,"1":1,"2":1,"3":1,"4":1,"5":1},"f":{},"b":{},"_coverageSchema":"1a1c01bbd47fc00a2c39e90264f33305004495a9","hash":"1288850e3f0e9f91f41f533ac9789fcb8ac9c641"}
,"C:\\Users\\Administrator\\OneDrive\\Desktop\\tic tc toe server socket\\src\\sockets\\roomManager.js": {"path":"C:\\Users\\Administrator\\OneDrive\\Desktop\\tic tc toe server socket\\src\\sockets\\roomManager.js","statementMap":{"0":{"start":{"line":1,"column":17},"end":{"line":1,"column":36}},"1":{"start":{"line":2,"column":14},"end":{"line":2,"column":40}},"2":{"start":{"line":3,"column":29},"end":{"line":3,"column":55}},"3":{"start":{"line":6,"column":14},"end":{"line":6,"column":23}},"4":{"start":{"line":7,"column":19},"end":{"line":7,"column":21}},"5":{"start":{"line":8,"column":21},"end":{"line":8,"column":30}},"6":{"start":{"line":10,"column":21},"end":{"line":19,"column":1}},"7":{"start":{"line":25,"column":18},"end":{"line":25,"column":52}},"8":{"start":{"line":26,"column":15},"end":{"line":26,"column":17}},"9":{"start":{"line":27,"column":4},"end":{"line":29,"column":5}},"10":{"start":{"line":27,"column":17},"end":{"line":27,"column":18}},"11":{"start":{"line":28,"column":8},"end":{"line":28,"column":64}},"12":{"start":{"line":30,"column":4},"end":{"line":30,"column":51}},"13":{"start":{"line":37,"column":4},"end":{"line":41,"column":5}},"14":{"start":{"line":38,"column":8},"end":{"line":40,"column":9}},"15":{"start":{"line":39,"column":12},"end":{"line":39,"column":28}},"16":{"start":{"line":42,"column":4},"end":{"line":42,"column":16}},"17":{"start":{"line":49,"column":17},"end":{"line":49,"column":43}},"18":{"start":{"line":50,"column":4},"end":{"line":50,"column":41}},"19":{"start":{"line":57,"column":4},"end":{"line":63,"column":6}},"20":{"start":{"line":70,"column":4},"end":{"line":81,"column":7}},"21":{"start":{"line":88,"column":19},"end":{"line":88,"column":43}},"22":{"start":{"line":89,"column":4},"end":{"line":103,"column":6}},"23":{"start":{"line":110,"column":16},"end":{"line":110,"column":66}},"24":{"start":{"line":110,"column":42},"end":{"line":110,"column":65}},"25":{"start":{"line":111,"column":4},"end":{"line":113,"column":5}},"26":{"start":{"line":112,"column":8},"end":{"line":112,"column":34}},"27":{"start":{"line":120,"column":17},"end":{"line":120,"column":44}},"28":{"start":{"line":121,"column":4},"end":{"line":123,"column":5}},"29":{"start":{"line":122,"column":8},"end":{"line":122,"column":15}},"30":{"start":{"line":125,"column":17},"end":{"line":125,"column":32}},"31":{"start":{"line":126,"column":4},"end":{"line":126,"column":23}},"32":{"start":{"line":127,"column":4},"end":{"line":127,"column":35}},"33":{"start":{"line":129,"column":4},"end":{"line":131,"column":5}},"34":{"start":{"line":130,"column":8},"end":{"line":130,"column":15}},"35":{"start":{"line":133,"column":26},"end":{"line":133,"column":80}},"36":{"start":{"line":135,"column":4},"end":{"line":148,"column":5}},"37":{"start":{"line":136,"column":8},"end":{"line":146,"column":18}},"38":{"start":{"line":137,"column":22},"end":{"line":137,"column":37}},"39":{"start":{"line":138,"column":12},"end":{"line":145,"column":13}},"40":{"start":{"line":143,"column":16},"end":{"line":143,"column":35}},"41":{"start":{"line":144,"column":16},"end":{"line":144,"column":63}},"42":{"start":{"line":147,"column":8},"end":{"line":147,"column":15}},"43":{"start":{"line":150,"column":4},"end":{"line":152,"column":7}},"44":{"start":{"line":154,"column":4},"end":{"line":165,"column":14}},"45":{"start":{"line":155,"column":18},"end":{"line":155,"column":33}},"46":{"start":{"line":156,"column":8},"end":{"line":164,"column":9}},"47":{"start":{"line":157,"column":12},"end":{"line":163,"column":13}},"48":{"start":{"line":158,"column":16},"end":{"line":158,"column":35}},"49":{"start":{"line":159,"column":16},"end":{"line":161,"column":17}},"50":{"start":{"line":160,"column":20},"end":{"line":160,"column":51}},"51":{"start":{"line":162,"column":16},"end":{"line":162,"column":67}},"52":{"start":{"line":172,"column":4},"end":{"line":197,"column":5}},"53":{"start":{"line":173,"column":8},"end":{"line":176,"column":9}},"54":{"start":{"line":174,"column":12},"end":{"line":174,"column":94}},"55":{"start":{"line":175,"column":12},"end":{"line":175,"column":19}},"56":{"start":{"line":178,"column":12},"end":{"line":178,"column":97}},"57":{"start":{"line":179,"column":22},"end":{"line":192,"column":10}},"58":{"start":{"line":193,"column":8},"end":{"line":193,"column":27}},"59":{"start":{"line":194,"column":8},"end":{"line":194,"column":83}},"60":{"start":{"line":196,"column":8},"end":{"line":196,"column":71}},"61":{"start":{"line":204,"column":4},"end":{"line":216,"column":14}},"62":{"start":{"line":205,"column":20},"end":{"line":205,"column":30}},"63":{"start":{"line":206,"column":8},"end":{"line":215,"column":9}},"64":{"start":{"line":207,"column":30},"end":{"line":207,"column":65}},"65":{"start":{"line":208,"column":31},"end":{"line":208,"column":83}},"66":{"start":{"line":209,"column":26},"end":{"line":209,"column":56}},"67":{"start":{"line":211,"column":12},"end":{"line":214,"column":13}},"68":{"start":{"line":212,"column":16},"end":{"line":212,"column":35}},"69":{"start":{"line":213,"column":16},"end":{"line":213,"column":90}},"70":{"start":{"line":219,"column":0},"end":{"line":234,"column":2}}},"fnMap":{"0":{"name":"generateCode","decl":{"start":{"line":24,"column":9},"end":{"line":24,"column":21}},"loc":{"start":{"line":24,"column":24},"end":{"line":31,"column":1}},"line":24},"1":{"name":"checkWinner","decl":{"start":{"line":36,"column":9},"end":{"line":36,"column":20}},"loc":{"start":{"line":36,"column":28},"end":{"line":43,"column":1}},"line":36},"2":{"name":"roomForSocket","decl":{"start":{"line":48,"column":9},"end":{"line":48,"column":22}},"loc":{"start":{"line":48,"column":33},"end":{"line":51,"column":1}},"line":48},"3":{"name":"freshBoard","decl":{"start":{"line":56,"column":9},"end":{"line":56,"column":19}},"loc":{"start":{"line":56,"column":43},"end":{"line":64,"column":1}},"line":56},"4":{"name":"broadcastRoomState","decl":{"start":{"line":69,"column":9},"end":{"line":69,"column":27}},"loc":{"start":{"line":69,"column":38},"end":{"line":82,"column":1}},"line":69},"5":{"name":"sanitizeRoomForClient","decl":{"start":{"line":87,"column":9},"end":{"line":87,"column":30}},"loc":{"start":{"line":87,"column":47},"end":{"line":104,"column":1}},"line":87},"6":{"name":"removeFromQueue","decl":{"start":{"line":109,"column":9},"end":{"line":109,"column":24}},"loc":{"start":{"line":109,"column":35},"end":{"line":114,"column":1}},"line":109},"7":{"name":"(anonymous_7)","decl":{"start":{"line":110,"column":37},"end":{"line":110,"column":38}},"loc":{"start":{"line":110,"column":42},"end":{"line":110,"column":65}},"line":110},"8":{"name":"leaveCurrentRoom","decl":{"start":{"line":119,"column":9},"end":{"line":119,"column":25}},"loc":{"start":{"line":119,"column":38},"end":{"line":166,"column":1}},"line":119},"9":{"name":"(anonymous_9)","decl":{"start":{"line":136,"column":19},"end":{"line":136,"column":20}},"loc":{"start":{"line":136,"column":25},"end":{"line":146,"column":9}},"line":136},"10":{"name":"(anonymous_10)","decl":{"start":{"line":154,"column":15},"end":{"line":154,"column":16}},"loc":{"start":{"line":154,"column":21},"end":{"line":165,"column":5}},"line":154},"11":{"name":"persistMatchResult","decl":{"start":{"line":171,"column":15},"end":{"line":171,"column":33}},"loc":{"start":{"line":171,"column":65},"end":{"line":198,"column":1}},"line":171},"12":{"name":"startStaleRoomCleaner","decl":{"start":{"line":203,"column":9},"end":{"line":203,"column":30}},"loc":{"start":{"line":203,"column":35},"end":{"line":217,"column":1}},"line":203},"13":{"name":"(anonymous_13)","decl":{"start":{"line":204,"column":16},"end":{"line":204,"column":17}},"loc":{"start":{"line":204,"column":22},"end":{"line":216,"column":5}},"line":204}},"branchMap":{"0":{"loc":{"start":{"line":30,"column":11},"end":{"line":30,"column":50}},"type":"cond-expr","locations":[{"start":{"line":30,"column":29},"end":{"line":30,"column":43}},{"start":{"line":30,"column":46},"end":{"line":30,"column":50}}],"line":30},"1":{"loc":{"start":{"line":38,"column":8},"end":{"line":40,"column":9}},"type":"if","locations":[{"start":{"line":38,"column":8},"end":{"line":40,"column":9}},{"start":{},"end":{}}],"line":38},"2":{"loc":{"start":{"line":38,"column":12},"end":{"line":38,"column":70}},"type":"binary-expr","locations":[{"start":{"line":38,"column":12},"end":{"line":38,"column":20}},{"start":{"line":38,"column":24},"end":{"line":38,"column":45}},{"start":{"line":38,"column":49},"end":{"line":38,"column":70}}],"line":38},"3":{"loc":{"start":{"line":50,"column":11},"end":{"line":50,"column":40}},"type":"cond-expr","locations":[{"start":{"line":50,"column":18},"end":{"line":50,"column":33}},{"start":{"line":50,"column":36},"end":{"line":50,"column":40}}],"line":50},"4":{"loc":{"start":{"line":56,"column":20},"end":{"line":56,"column":41}},"type":"default-arg","locations":[{"start":{"line":56,"column":37},"end":{"line":56,"column":41}}],"line":56},"5":{"loc":{"start":{"line":61,"column":16},"end":{"line":61,"column":54}},"type":"binary-expr","locations":[{"start":{"line":61,"column":16},"end":{"line":61,"column":30}},{"start":{"line":61,"column":34},"end":{"line":61,"column":54}}],"line":61},"6":{"loc":{"start":{"line":91,"column":16},"end":{"line":91,"column":34}},"type":"cond-expr","locations":[{"start":{"line":91,"column":25},"end":{"line":91,"column":28}},{"start":{"line":91,"column":31},"end":{"line":91,"column":34}}],"line":91},"7":{"loc":{"start":{"line":111,"column":4},"end":{"line":113,"column":5}},"type":"if","locations":[{"start":{"line":111,"column":4},"end":{"line":113,"column":5}},{"start":{},"end":{}}],"line":111},"8":{"loc":{"start":{"line":121,"column":4},"end":{"line":123,"column":5}},"type":"if","locations":[{"start":{"line":121,"column":4},"end":{"line":123,"column":5}},{"start":{},"end":{}}],"line":121},"9":{"loc":{"start":{"line":129,"column":4},"end":{"line":131,"column":5}},"type":"if","locations":[{"start":{"line":129,"column":4},"end":{"line":131,"column":5}},{"start":{},"end":{}}],"line":129},"10":{"loc":{"start":{"line":133,"column":26},"end":{"line":133,"column":80}},"type":"cond-expr","locations":[{"start":{"line":133,"column":54},"end":{"line":133,"column":66}},{"start":{"line":133,"column":69},"end":{"line":133,"column":80}}],"line":133},"11":{"loc":{"start":{"line":135,"column":4},"end":{"line":148,"column":5}},"type":"if","locations":[{"start":{"line":135,"column":4},"end":{"line":148,"column":5}},{"start":{},"end":{}}],"line":135},"12":{"loc":{"start":{"line":138,"column":12},"end":{"line":145,"column":13}},"type":"if","locations":[{"start":{"line":138,"column":12},"end":{"line":145,"column":13}},{"start":{},"end":{}}],"line":138},"13":{"loc":{"start":{"line":139,"column":16},"end":{"line":141,"column":66}},"type":"binary-expr","locations":[{"start":{"line":139,"column":16},"end":{"line":139,"column":17}},{"start":{"line":140,"column":17},"end":{"line":140,"column":26}},{"start":{"line":140,"column":30},"end":{"line":140,"column":63}},{"start":{"line":141,"column":17},"end":{"line":141,"column":27}},{"start":{"line":141,"column":31},"end":{"line":141,"column":65}}],"line":139},"14":{"loc":{"start":{"line":156,"column":8},"end":{"line":164,"column":9}},"type":"if","locations":[{"start":{"line":156,"column":8},"end":{"line":164,"column":9}},{"start":{},"end":{}}],"line":156},"15":{"loc":{"start":{"line":156,"column":12},"end":{"line":156,"column":68}},"type":"binary-expr","locations":[{"start":{"line":156,"column":12},"end":{"line":156,"column":13}},{"start":{"line":156,"column":18},"end":{"line":156,"column":40}},{"start":{"line":156,"column":44},"end":{"line":156,"column":67}}],"line":156},"16":{"loc":{"start":{"line":157,"column":12},"end":{"line":163,"column":13}},"type":"if","locations":[{"start":{"line":157,"column":12},"end":{"line":163,"column":13}},{"start":{},"end":{}}],"line":157},"17":{"loc":{"start":{"line":157,"column":16},"end":{"line":157,"column":87}},"type":"binary-expr","locations":[{"start":{"line":157,"column":16},"end":{"line":157,"column":49}},{"start":{"line":157,"column":53},"end":{"line":157,"column":87}}],"line":157},"18":{"loc":{"start":{"line":159,"column":16},"end":{"line":161,"column":17}},"type":"if","locations":[{"start":{"line":159,"column":16},"end":{"line":161,"column":17}},{"start":{},"end":{}}],"line":159},"19":{"loc":{"start":{"line":173,"column":8},"end":{"line":176,"column":9}},"type":"if","locations":[{"start":{"line":173,"column":8},"end":{"line":176,"column":9}},{"start":{},"end":{}}],"line":173},"20":{"loc":{"start":{"line":178,"column":12},"end":{"line":178,"column":97}},"type":"cond-expr","locations":[{"start":{"line":178,"column":35},"end":{"line":178,"column":41}},{"start":{"line":178,"column":44},"end":{"line":178,"column":97}}],"line":178},"21":{"loc":{"start":{"line":178,"column":44},"end":{"line":178,"column":97}},"type":"cond-expr","locations":[{"start":{"line":178,"column":67},"end":{"line":178,"column":80}},{"start":{"line":178,"column":83},"end":{"line":178,"column":97}}],"line":178},"22":{"loc":{"start":{"line":208,"column":31},"end":{"line":208,"column":83}},"type":"binary-expr","locations":[{"start":{"line":208,"column":31},"end":{"line":208,"column":43}},{"start":{"line":208,"column":47},"end":{"line":208,"column":83}}],"line":208},"23":{"loc":{"start":{"line":211,"column":12},"end":{"line":214,"column":13}},"type":"if","locations":[{"start":{"line":211,"column":12},"end":{"line":214,"column":13}},{"start":{},"end":{}}],"line":211},"24":{"loc":{"start":{"line":211,"column":16},"end":{"line":211,"column":52}},"type":"binary-expr","locations":[{"start":{"line":211,"column":17},"end":{"line":211,"column":27}},{"start":{"line":211,"column":31},"end":{"line":211,"column":42}},{"start":{"line":211,"column":47},"end":{"line":211,"column":52}}],"line":211}},"s":{"0":1,"1":1,"2":1,"3":1,"4":1,"5":1,"6":1,"7":1,"8":1,"9":1,"10":1,"11":6,"12":1,"13":5,"14":29,"15":4,"16":1,"17":0,"18":0,"19":1,"20":0,"21":2,"22":2,"23":0,"24":0,"25":0,"26":0,"27":0,"28":0,"29":0,"30":0,"31":0,"32":0,"33":0,"34":0,"35":0,"36":0,"37":0,"38":0,"39":0,"40":0,"41":0,"42":0,"43":0,"44":0,"45":0,"46":0,"47":0,"48":0,"49":0,"50":0,"51":0,"52":0,"53":0,"54":0,"55":0,"56":0,"57":0,"58":0,"59":0,"60":0,"61":0,"62":0,"63":0,"64":0,"65":0,"66":0,"67":0,"68":0,"69":0,"70":1},"f":{"0":1,"1":5,"2":0,"3":1,"4":0,"5":2,"6":0,"7":0,"8":0,"9":0,"10":0,"11":0,"12":0,"13":0},"b":{"0":[0,1],"1":[4,25],"2":[29,14,5],"3":[0,0],"4":[1],"5":[1,1],"6":[1,1],"7":[0,0],"8":[0,0],"9":[0,0],"10":[0,0],"11":[0,0],"12":[0,0],"13":[0,0,0,0,0],"14":[0,0],"15":[0,0,0],"16":[0,0],"17":[0,0],"18":[0,0],"19":[0,0],"20":[0,0],"21":[0,0],"22":[0,0],"23":[0,0],"24":[0,0,0]},"_coverageSchema":"1a1c01bbd47fc00a2c39e90264f33305004495a9","hash":"b841f02cde6409529cff1d2274c55cc609a31752"}
,"C:\\Users\\Administrator\\OneDrive\\Desktop\\tic tc toe server socket\\src\\utils\\logger.js": {"path":"C:\\Users\\Administrator\\OneDrive\\Desktop\\tic tc toe server socket\\src\\utils\\logger.js","statementMap":{"0":{"start":{"line":1,"column":16},"end":{"line":1,"column":34}},"1":{"start":{"line":2,"column":13},"end":{"line":2,"column":28}},"2":{"start":{"line":3,"column":11},"end":{"line":3,"column":24}},"3":{"start":{"line":6,"column":16},"end":{"line":6,"column":56}},"4":{"start":{"line":7,"column":0},"end":{"line":9,"column":1}},"5":{"start":{"line":8,"column":4},"end":{"line":8,"column":47}},"6":{"start":{"line":12,"column":18},"end":{"line":25,"column":1}},"7":{"start":{"line":16,"column":18},"end":{"line":16,"column":69}},"8":{"start":{"line":17,"column":8},"end":{"line":19,"column":9}},"9":{"start":{"line":18,"column":12},"end":{"line":18,"column":46}},"10":{"start":{"line":20,"column":8},"end":{"line":22,"column":9}},"11":{"start":{"line":21,"column":12},"end":{"line":21,"column":32}},"12":{"start":{"line":23,"column":8},"end":{"line":23,"column":19}},"13":{"start":{"line":28,"column":22},"end":{"line":38,"column":1}},"14":{"start":{"line":32,"column":18},"end":{"line":32,"column":53}},"15":{"start":{"line":33,"column":8},"end":{"line":35,"column":9}},"16":{"start":{"line":34,"column":12},"end":{"line":34,"column":55}},"17":{"start":{"line":36,"column":8},"end":{"line":36,"column":19}},"18":{"start":{"line":40,"column":15},"end":{"line":69,"column":2}},"19":{"start":{"line":72,"column":0},"end":{"line":74,"column":1}},"20":{"start":{"line":73,"column":4},"end":{"line":73,"column":62}},"21":{"start":{"line":73,"column":31},"end":{"line":73,"column":61}},"22":{"start":{"line":82,"column":4},"end":{"line":86,"column":7}},"23":{"start":{"line":96,"column":4},"end":{"line":96,"column":63}},"24":{"start":{"line":99,"column":0},"end":{"line":103,"column":2}}},"fnMap":{"0":{"name":"(anonymous_0)","decl":{"start":{"line":15,"column":26},"end":{"line":15,"column":27}},"loc":{"start":{"line":15,"column":77},"end":{"line":24,"column":5}},"line":15},"1":{"name":"(anonymous_1)","decl":{"start":{"line":31,"column":26},"end":{"line":31,"column":27}},"loc":{"start":{"line":31,"column":70},"end":{"line":37,"column":5}},"line":31},"2":{"name":"(anonymous_2)","decl":{"start":{"line":73,"column":18},"end":{"line":73,"column":19}},"loc":{"start":{"line":73,"column":31},"end":{"line":73,"column":61}},"line":73},"3":{"name":"logError","decl":{"start":{"line":81,"column":9},"end":{"line":81,"column":17}},"loc":{"start":{"line":81,"column":37},"end":{"line":87,"column":1}},"line":81},"4":{"name":"logSocketEvent","decl":{"start":{"line":95,"column":9},"end":{"line":95,"column":23}},"loc":{"start":{"line":95,"column":47},"end":{"line":97,"column":1}},"line":95}},"branchMap":{"0":{"loc":{"start":{"line":7,"column":0},"end":{"line":9,"column":1}},"type":"if","locations":[{"start":{"line":7,"column":0},"end":{"line":9,"column":1}},{"start":{},"end":{}}],"line":7},"1":{"loc":{"start":{"line":17,"column":8},"end":{"line":19,"column":9}},"type":"if","locations":[{"start":{"line":17,"column":8},"end":{"line":19,"column":9}},{"start":{},"end":{}}],"line":17},"2":{"loc":{"start":{"line":20,"column":8},"end":{"line":22,"column":9}},"type":"if","locations":[{"start":{"line":20,"column":8},"end":{"line":22,"column":9}},{"start":{},"end":{}}],"line":20},"3":{"loc":{"start":{"line":33,"column":8},"end":{"line":35,"column":9}},"type":"if","locations":[{"start":{"line":33,"column":8},"end":{"line":35,"column":9}},{"start":{},"end":{}}],"line":33},"4":{"loc":{"start":{"line":41,"column":11},"end":{"line":41,"column":94}},"type":"binary-expr","locations":[{"start":{"line":41,"column":11},"end":{"line":41,"column":32}},{"start":{"line":41,"column":37},"end":{"line":41,"column":93}}],"line":41},"5":{"loc":{"start":{"line":41,"column":37},"end":{"line":41,"column":93}},"type":"cond-expr","locations":[{"start":{"line":41,"column":77},"end":{"line":41,"column":83}},{"start":{"line":41,"column":86},"end":{"line":41,"column":93}}],"line":41},"6":{"loc":{"start":{"line":72,"column":0},"end":{"line":74,"column":1}},"type":"if","locations":[{"start":{"line":72,"column":0},"end":{"line":74,"column":1}},{"start":{},"end":{}}],"line":72},"7":{"loc":{"start":{"line":81,"column":23},"end":{"line":81,"column":35}},"type":"default-arg","locations":[{"start":{"line":81,"column":33},"end":{"line":81,"column":35}}],"line":81}},"s":{"0":1,"1":1,"2":1,"3":1,"4":1,"5":0,"6":1,"7":4,"8":4,"9":4,"10":4,"11":0,"12":4,"13":1,"14":4,"15":4,"16":4,"17":4,"18":1,"19":1,"20":0,"21":0,"22":0,"23":0,"24":1},"f":{"0":4,"1":4,"2":0,"3":0,"4":0},"b":{"0":[0,1],"1":[4,0],"2":[0,4],"3":[4,0],"4":[1,1],"5":[0,1],"6":[0,1],"7":[0]},"_coverageSchema":"1a1c01bbd47fc00a2c39e90264f33305004495a9","hash":"43f3a27b5176ff2c3aef0e282e00ca2468ea9477"}
,"C:\\Users\\Administrator\\OneDrive\\Desktop\\tic tc toe server socket\\src\\utils\\validation.js": {"path":"C:\\Users\\Administrator\\OneDrive\\Desktop\\tic tc toe server socket\\src\\utils\\validation.js","statementMap":{"0":{"start":{"line":6,"column":24},"end":{"line":6,"column":25}},"1":{"start":{"line":7,"column":24},"end":{"line":7,"column":26}},"2":{"start":{"line":8,"column":26},"end":{"line":8,"column":74}},"3":{"start":{"line":11,"column":24},"end":{"line":11,"column":39}},"4":{"start":{"line":14,"column":24},"end":{"line":14,"column":27}},"5":{"start":{"line":17,"column":20},"end":{"line":17,"column":48}},"6":{"start":{"line":20,"column":21},"end":{"line":20,"column":22}},"7":{"start":{"line":21,"column":21},"end":{"line":21,"column":24}},"8":{"start":{"line":30,"column":4},"end":{"line":32,"column":5}},"9":{"start":{"line":31,"column":8},"end":{"line":31,"column":51}},"10":{"start":{"line":34,"column":20},"end":{"line":34,"column":31}},"11":{"start":{"line":36,"column":4},"end":{"line":38,"column":5}},"12":{"start":{"line":37,"column":8},"end":{"line":37,"column":79}},"13":{"start":{"line":40,"column":4},"end":{"line":42,"column":5}},"14":{"start":{"line":41,"column":8},"end":{"line":41,"column":78}},"15":{"start":{"line":44,"column":22},"end":{"line":44,"column":29}},"16":{"start":{"line":47,"column":4},"end":{"line":49,"column":5}},"17":{"start":{"line":48,"column":8},"end":{"line":48,"column":60}},"18":{"start":{"line":52,"column":21},"end":{"line":52,"column":98}},"19":{"start":{"line":53,"column":4},"end":{"line":55,"column":5}},"20":{"start":{"line":54,"column":8},"end":{"line":54,"column":49}},"21":{"start":{"line":57,"column":4},"end":{"line":57,"column":21}},"22":{"start":{"line":67,"column":4},"end":{"line":69,"column":5}},"23":{"start":{"line":68,"column":8},"end":{"line":68,"column":49}},"24":{"start":{"line":71,"column":22},"end":{"line":71,"column":47}},"25":{"start":{"line":73,"column":4},"end":{"line":75,"column":5}},"26":{"start":{"line":74,"column":8},"end":{"line":74,"column":86}},"27":{"start":{"line":77,"column":4},"end":{"line":77,"column":21}},"28":{"start":{"line":87,"column":4},"end":{"line":89,"column":5}},"29":{"start":{"line":88,"column":8},"end":{"line":88,"column":47}},"30":{"start":{"line":91,"column":22},"end":{"line":91,"column":59}},"31":{"start":{"line":93,"column":4},"end":{"line":95,"column":5}},"32":{"start":{"line":94,"column":8},"end":{"line":94,"column":51}},"33":{"start":{"line":98,"column":22},"end":{"line":98,"column":55}},"34":{"start":{"line":99,"column":4},"end":{"line":101,"column":5}},"35":{"start":{"line":100,"column":8},"end":{"line":100,"column":51}},"36":{"start":{"line":103,"column":4},"end":{"line":103,"column":21}},"37":{"start":{"line":113,"column":4},"end":{"line":115,"column":5}},"38":{"start":{"line":114,"column":8},"end":{"line":114,"column":45}},"39":{"start":{"line":117,"column":22},"end":{"line":117,"column":48}},"40":{"start":{"line":119,"column":4},"end":{"line":121,"column":5}},"41":{"start":{"line":120,"column":8},"end":{"line":120,"column":48}},"42":{"start":{"line":123,"column":4},"end":{"line":125,"column":5}},"43":{"start":{"line":124,"column":8},"end":{"line":124,"column":42}},"44":{"start":{"line":127,"column":4},"end":{"line":127,"column":21}},"45":{"start":{"line":137,"column":4},"end":{"line":139,"column":5}},"46":{"start":{"line":138,"column":8},"end":{"line":138,"column":48}},"47":{"start":{"line":141,"column":4},"end":{"line":143,"column":5}},"48":{"start":{"line":142,"column":8},"end":{"line":142,"column":80}},"49":{"start":{"line":145,"column":4},"end":{"line":147,"column":5}},"50":{"start":{"line":146,"column":8},"end":{"line":146,"column":79}},"51":{"start":{"line":150,"column":4},"end":{"line":152,"column":5}},"52":{"start":{"line":151,"column":8},"end":{"line":151,"column":74}},"53":{"start":{"line":154,"column":4},"end":{"line":154,"column":20}},"54":{"start":{"line":165,"column":4},"end":{"line":167,"column":5}},"55":{"start":{"line":166,"column":8},"end":{"line":166,"column":23}},"56":{"start":{"line":169,"column":22},"end":{"line":169,"column":51}},"57":{"start":{"line":171,"column":4},"end":{"line":173,"column":5}},"58":{"start":{"line":172,"column":8},"end":{"line":172,"column":52}},"59":{"start":{"line":175,"column":4},"end":{"line":175,"column":21}},"60":{"start":{"line":186,"column":4},"end":{"line":188,"column":5}},"61":{"start":{"line":187,"column":8},"end":{"line":187,"column":22}},"62":{"start":{"line":190,"column":22},"end":{"line":190,"column":50}},"63":{"start":{"line":192,"column":4},"end":{"line":194,"column":5}},"64":{"start":{"line":193,"column":8},"end":{"line":193,"column":51}},"65":{"start":{"line":196,"column":4},"end":{"line":196,"column":21}},"66":{"start":{"line":206,"column":4},"end":{"line":208,"column":5}},"67":{"start":{"line":207,"column":8},"end":{"line":207,"column":18}},"68":{"start":{"line":209,"column":4},"end":{"line":209,"column":44}},"69":{"start":{"line":219,"column":14},"end":{"line":219,"column":56}},"70":{"start":{"line":220,"column":14},"end":{"line":220,"column":73}},"71":{"start":{"line":221,"column":4},"end":{"line":221,"column":33}},"72":{"start":{"line":224,"column":0},"end":{"line":239,"column":2}}},"fnMap":{"0":{"name":"validatePlayerName","decl":{"start":{"line":29,"column":9},"end":{"line":29,"column":27}},"loc":{"start":{"line":29,"column":34},"end":{"line":58,"column":1}},"line":29},"1":{"name":"validateRoomCode","decl":{"start":{"line":66,"column":9},"end":{"line":66,"column":25}},"loc":{"start":{"line":66,"column":32},"end":{"line":78,"column":1}},"line":66},"2":{"name":"validateChatMessage","decl":{"start":{"line":86,"column":9},"end":{"line":86,"column":28}},"loc":{"start":{"line":86,"column":35},"end":{"line":104,"column":1}},"line":86},"3":{"name":"validateEmail","decl":{"start":{"line":112,"column":9},"end":{"line":112,"column":22}},"loc":{"start":{"line":112,"column":30},"end":{"line":128,"column":1}},"line":112},"4":{"name":"validatePassword","decl":{"start":{"line":136,"column":9},"end":{"line":136,"column":25}},"loc":{"start":{"line":136,"column":36},"end":{"line":155,"column":1}},"line":136},"5":{"name":"validateAvatarId","decl":{"start":{"line":164,"column":9},"end":{"line":164,"column":25}},"loc":{"start":{"line":164,"column":50},"end":{"line":176,"column":1}},"line":164},"6":{"name":"validateThemeId","decl":{"start":{"line":185,"column":9},"end":{"line":185,"column":24}},"loc":{"start":{"line":185,"column":47},"end":{"line":197,"column":1}},"line":185},"7":{"name":"sanitizeString","decl":{"start":{"line":205,"column":9},"end":{"line":205,"column":23}},"loc":{"start":{"line":205,"column":48},"end":{"line":210,"column":1}},"line":205},"8":{"name":"validatePagination","decl":{"start":{"line":218,"column":9},"end":{"line":218,"column":27}},"loc":{"start":{"line":218,"column":50},"end":{"line":222,"column":1}},"line":218}},"branchMap":{"0":{"loc":{"start":{"line":30,"column":4},"end":{"line":32,"column":5}},"type":"if","locations":[{"start":{"line":30,"column":4},"end":{"line":32,"column":5}},{"start":{},"end":{}}],"line":30},"1":{"loc":{"start":{"line":30,"column":8},"end":{"line":30,"column":41}},"type":"binary-expr","locations":[{"start":{"line":30,"column":8},"end":{"line":30,"column":13}},{"start":{"line":30,"column":17},"end":{"line":30,"column":41}}],"line":30},"2":{"loc":{"start":{"line":36,"column":4},"end":{"line":38,"column":5}},"type":"if","locations":[{"start":{"line":36,"column":4},"end":{"line":38,"column":5}},{"start":{},"end":{}}],"line":36},"3":{"loc":{"start":{"line":40,"column":4},"end":{"line":42,"column":5}},"type":"if","locations":[{"start":{"line":40,"column":4},"end":{"line":42,"column":5}},{"start":{},"end":{}}],"line":40},"4":{"loc":{"start":{"line":47,"column":4},"end":{"line":49,"column":5}},"type":"if","locations":[{"start":{"line":47,"column":4},"end":{"line":49,"column":5}},{"start":{},"end":{}}],"line":47},"5":{"loc":{"start":{"line":53,"column":4},"end":{"line":55,"column":5}},"type":"if","locations":[{"start":{"line":53,"column":4},"end":{"line":55,"column":5}},{"start":{},"end":{}}],"line":53},"6":{"loc":{"start":{"line":67,"column":4},"end":{"line":69,"column":5}},"type":"if","locations":[{"start":{"line":67,"column":4},"end":{"line":69,"column":5}},{"start":{},"end":{}}],"line":67},"7":{"loc":{"start":{"line":67,"column":8},"end":{"line":67,"column":41}},"type":"binary-expr","locations":[{"start":{"line":67,"column":8},"end":{"line":67,"column":13}},{"start":{"line":67,"column":17},"end":{"line":67,"column":41}}],"line":67},"8":{"loc":{"start":{"line":73,"column":4},"end":{"line":75,"column":5}},"type":"if","locations":[{"start":{"line":73,"column":4},"end":{"line":75,"column":5}},{"start":{},"end":{}}],"line":73},"9":{"loc":{"start":{"line":87,"column":4},"end":{"line":89,"column":5}},"type":"if","locations":[{"start":{"line":87,"column":4},"end":{"line":89,"column":5}},{"start":{},"end":{}}],"line":87},"10":{"loc":{"start":{"line":87,"column":8},"end":{"line":87,"column":41}},"type":"binary-expr","locations":[{"start":{"line":87,"column":8},"end":{"line":87,"column":13}},{"start":{"line":87,"column":17},"end":{"line":87,"column":41}}],"line":87},"11":{"loc":{"start":{"line":93,"column":4},"end":{"line":95,"column":5}},"type":"if","locations":[{"start":{"line":93,"column":4},"end":{"line":95,"column":5}},{"start":{},"end":{}}],"line":93},"12":{"loc":{"start":{"line":99,"column":4},"end":{"line":101,"column":5}},"type":"if","locations":[{"start":{"line":99,"column":4},"end":{"line":101,"column":5}},{"start":{},"end":{}}],"line":99},"13":{"loc":{"start":{"line":113,"column":4},"end":{"line":115,"column":5}},"type":"if","locations":[{"start":{"line":113,"column":4},"end":{"line":115,"column":5}},{"start":{},"end":{}}],"line":113},"14":{"loc":{"start":{"line":113,"column":8},"end":{"line":113,"column":43}},"type":"binary-expr","locations":[{"start":{"line":113,"column":8},"end":{"line":113,"column":14}},{"start":{"line":113,"column":18},"end":{"line":113,"column":43}}],"line":113},"15":{"loc":{"start":{"line":119,"column":4},"end":{"line":121,"column":5}},"type":"if","locations":[{"start":{"line":119,"column":4},"end":{"line":121,"column":5}},{"start":{},"end":{}}],"line":119},"16":{"loc":{"start":{"line":123,"column":4},"end":{"line":125,"column":5}},"type":"if","locations":[{"start":{"line":123,"column":4},"end":{"line":125,"column":5}},{"start":{},"end":{}}],"line":123},"17":{"loc":{"start":{"line":137,"column":4},"end":{"line":139,"column":5}},"type":"if","locations":[{"start":{"line":137,"column":4},"end":{"line":139,"column":5}},{"start":{},"end":{}}],"line":137},"18":{"loc":{"start":{"line":137,"column":8},"end":{"line":137,"column":49}},"type":"binary-expr","locations":[{"start":{"line":137,"column":8},"end":{"line":137,"column":17}},{"start":{"line":137,"column":21},"end":{"line":137,"column":49}}],"line":137},"19":{"loc":{"start":{"line":141,"column":4},"end":{"line":143,"column":5}},"type":"if","locations":[{"start":{"line":141,"column":4},"end":{"line":143,"column":5}},{"start":{},"end":{}}],"line":141},"20":{"loc":{"start":{"line":145,"column":4},"end":{"line":147,"column":5}},"type":"if","locations":[{"start":{"line":145,"column":4},"end":{"line":147,"column":5}},{"start":{},"end":{}}],"line":145},"21":{"loc":{"start":{"line":150,"column":4},"end":{"line":152,"column":5}},"type":"if","locations":[{"start":{"line":150,"column":4},"end":{"line":152,"column":5}},{"start":{},"end":{}}],"line":150},"22":{"loc":{"start":{"line":150,"column":8},"end":{"line":150,"column":61}},"type":"binary-expr","locations":[{"start":{"line":150,"column":8},"end":{"line":150,"column":34}},{"start":{"line":150,"column":38},"end":{"line":150,"column":61}}],"line":150},"23":{"loc":{"start":{"line":165,"column":4},"end":{"line":167,"column":5}},"type":"if","locations":[{"start":{"line":165,"column":4},"end":{"line":167,"column":5}},{"start":{},"end":{}}],"line":165},"24":{"loc":{"start":{"line":165,"column":8},"end":{"line":165,"column":49}},"type":"binary-expr","locations":[{"start":{"line":165,"column":8},"end":{"line":165,"column":17}},{"start":{"line":165,"column":21},"end":{"line":165,"column":49}}],"line":165},"25":{"loc":{"start":{"line":171,"column":4},"end":{"line":173,"column":5}},"type":"if","locations":[{"start":{"line":171,"column":4},"end":{"line":173,"column":5}},{"start":{},"end":{}}],"line":171},"26":{"loc":{"start":{"line":186,"column":4},"end":{"line":188,"column":5}},"type":"if","locations":[{"start":{"line":186,"column":4},"end":{"line":188,"column":5}},{"start":{},"end":{}}],"line":186},"27":{"loc":{"start":{"line":186,"column":8},"end":{"line":186,"column":47}},"type":"binary-expr","locations":[{"start":{"line":186,"column":8},"end":{"line":186,"column":16}},{"start":{"line":186,"column":20},"end":{"line":186,"column":47}}],"line":186},"28":{"loc":{"start":{"line":192,"column":4},"end":{"line":194,"column":5}},"type":"if","locations":[{"start":{"line":192,"column":4},"end":{"line":194,"column":5}},{"start":{},"end":{}}],"line":192},"29":{"loc":{"start":{"line":205,"column":31},"end":{"line":205,"column":46}},"type":"default-arg","locations":[{"start":{"line":205,"column":43},"end":{"line":205,"column":46}}],"line":205},"30":{"loc":{"start":{"line":206,"column":4},"end":{"line":208,"column":5}},"type":"if","locations":[{"start":{"line":206,"column":4},"end":{"line":208,"column":5}},{"start":{},"end":{}}],"line":206},"31":{"loc":{"start":{"line":206,"column":8},"end":{"line":206,"column":43}},"type":"binary-expr","locations":[{"start":{"line":206,"column":8},"end":{"line":206,"column":14}},{"start":{"line":206,"column":18},"end":{"line":206,"column":43}}],"line":206},"32":{"loc":{"start":{"line":218,"column":28},"end":{"line":218,"column":36}},"type":"default-arg","locations":[{"start":{"line":218,"column":35},"end":{"line":218,"column":36}}],"line":218},"33":{"loc":{"start":{"line":218,"column":38},"end":{"line":218,"column":48}},"type":"default-arg","locations":[{"start":{"line":218,"column":46},"end":{"line":218,"column":48}}],"line":218},"34":{"loc":{"start":{"line":219,"column":26},"end":{"line":219,"column":55}},"type":"binary-expr","locations":[{"start":{"line":219,"column":26},"end":{"line":219,"column":50}},{"start":{"line":219,"column":54},"end":{"line":219,"column":55}}],"line":219},"35":{"loc":{"start":{"line":220,"column":40},"end":{"line":220,"column":71}},"type":"binary-expr","locations":[{"start":{"line":220,"column":40},"end":{"line":220,"column":65}},{"start":{"line":220,"column":69},"end":{"line":220,"column":71}}],"line":220}},"s":{"0":1,"1":1,"2":1,"3":1,"4":1,"5":1,"6":1,"7":1,"8":7,"9":1,"10":6,"11":6,"12":1,"13":5,"14":1,"15":4,"16":4,"17":0,"18":4,"19":4,"20":2,"21":2,"22":4,"23":0,"24":4,"25":4,"26":2,"27":2,"28":3,"29":0,"30":3,"31":3,"32":1,"33":2,"34":2,"35":1,"36":1,"37":2,"38":0,"39":2,"40":2,"41":1,"42":1,"43":0,"44":1,"45":4,"46":0,"47":4,"48":1,"49":3,"50":0,"51":3,"52":2,"53":1,"54":0,"55":0,"56":0,"57":0,"58":0,"59":0,"60":0,"61":0,"62":0,"63":0,"64":0,"65":0,"66":1,"67":0,"68":1,"69":2,"70":2,"71":2,"72":1},"f":{"0":7,"1":4,"2":3,"3":2,"4":4,"5":0,"6":0,"7":1,"8":2},"b":{"0":[1,6],"1":[7,6],"2":[1,5],"3":[1,4],"4":[0,4],"5":[2,2],"6":[0,4],"7":[4,4],"8":[2,2],"9":[0,3],"10":[3,3],"11":[1,2],"12":[1,1],"13":[0,2],"14":[2,2],"15":[1,1],"16":[0,1],"17":[0,4],"18":[4,4],"19":[1,3],"20":[0,3],"21":[2,1],"22":[3,2],"23":[0,0],"24":[0,0],"25":[0,0],"26":[0,0],"27":[0,0],"28":[0,0],"29":[0],"30":[0,1],"31":[1,1],"32":[0],"33":[0],"34":[2,1],"35":[2,0]},"_coverageSchema":"1a1c01bbd47fc00a2c39e90264f33305004495a9","hash":"ff5b94a1022fac7b5cdb9d0bb363b904cac0aeda"}
}
