TN:
SF:src\app.js
FN:28,(anonymous_0)
FN:62,(anonymous_1)
FN:73,(anonymous_2)
FN:97,(anonymous_3)
FN:110,(anonymous_4)
FNF:5
FNH:4
FNDA:4,(anonymous_0)
FNDA:4,(anonymous_1)
FNDA:0,(anonymous_2)
FNDA:1,(anonymous_3)
FNDA:1,(anonymous_4)
DA:1,1
DA:2,1
DA:3,1
DA:4,1
DA:5,1
DA:6,1
DA:7,1
DA:8,1
DA:10,1
DA:11,1
DA:12,1
DA:13,1
DA:15,1
DA:18,1
DA:21,1
DA:28,1
DA:29,4
DA:42,4
DA:46,1
DA:56,1
DA:57,1
DA:60,1
DA:62,4
DA:67,1
DA:74,0
DA:75,0
DA:81,1
DA:84,1
DA:85,1
DA:94,1
DA:97,1
DA:98,1
DA:99,1
DA:110,1
DA:111,1
DA:112,1
DA:115,1
LF:37
LH:35
BRDA:10,0,0,1
BRDA:10,0,1,0
BRDA:11,1,0,1
BRDA:11,1,1,1
BRDA:48,2,0,1
BRDA:48,2,1,0
BRDA:61,3,0,0
BRDA:61,3,1,1
BRDA:87,4,0,0
BRDA:87,4,1,1
BRF:10
BRH:6
end_of_record
TN:
SF:src\controllers\authController.js
FN:9,signToken
FN:28,register
FN:106,login
FNF:3
FNH:2
FNDA:0,signToken
FNDA:1,register
FNDA:1,login
DA:1,1
DA:2,1
DA:3,1
DA:4,1
DA:6,1
DA:7,1
DA:10,0
DA:29,1
DA:30,1
DA:32,1
DA:33,1
DA:35,1
DA:36,1
DA:42,0
DA:43,0
DA:49,0
DA:50,0
DA:51,0
DA:57,0
DA:58,0
DA:59,0
DA:65,0
DA:66,0
DA:67,0
DA:69,0
DA:76,0
DA:77,0
DA:79,0
DA:94,0
DA:95,0
DA:107,1
DA:108,1
DA:109,1
DA:111,1
DA:112,1
DA:118,0
DA:119,0
DA:125,0
DA:126,0
DA:127,0
DA:133,0
DA:134,0
DA:135,0
DA:141,0
DA:143,0
DA:157,0
DA:158,0
DA:165,1
LF:48
LH:18
BRDA:6,0,0,1
BRDA:6,0,1,1
BRDA:32,1,0,1
BRDA:32,1,1,0
BRDA:33,2,0,0
BRDA:33,2,1,1
BRDA:35,3,0,1
BRDA:35,3,1,0
BRDA:35,4,0,1
BRDA:35,4,1,1
BRDA:35,4,2,0
BRDA:42,5,0,0
BRDA:42,5,1,0
BRDA:42,6,0,0
BRDA:42,6,1,0
BRDA:50,7,0,0
BRDA:50,7,1,0
BRDA:58,8,0,0
BRDA:58,8,1,0
BRDA:109,9,0,0
BRDA:109,9,1,1
BRDA:111,10,0,1
BRDA:111,10,1,0
BRDA:111,11,0,1
BRDA:111,11,1,0
BRDA:118,12,0,0
BRDA:118,12,1,0
BRDA:118,13,0,0
BRDA:118,13,1,0
BRDA:126,14,0,0
BRDA:126,14,1,0
BRDA:134,15,0,0
BRDA:134,15,1,0
BRF:33
BRH:10
end_of_record
TN:
SF:src\models\Match.js
FN:72,(anonymous_0)
FN:84,(anonymous_1)
FN:117,(anonymous_2)
FNF:3
FNH:0
FNDA:0,(anonymous_0)
FNDA:0,(anonymous_1)
FNDA:0,(anonymous_2)
DA:1,1
DA:3,1
DA:66,1
DA:67,1
DA:68,1
DA:69,1
DA:72,1
DA:73,0
DA:74,0
DA:77,0
DA:78,0
DA:81,0
DA:84,1
DA:85,0
DA:89,0
DA:90,0
DA:91,0
DA:92,0
DA:93,0
DA:95,0
DA:96,0
DA:97,0
DA:98,0
DA:99,0
DA:100,0
DA:101,0
DA:103,0
DA:107,0
DA:117,1
DA:118,0
DA:120,0
DA:121,0
DA:143,0
DA:146,1
LF:34
LH:10
BRDA:72,0,0,0
BRDA:73,1,0,0
BRDA:73,2,0,0
BRDA:77,3,0,0
BRDA:77,3,1,0
BRDA:97,4,0,0
BRDA:97,4,1,0
BRDA:98,5,0,0
BRDA:98,5,1,0
BRDA:100,6,0,0
BRDA:100,6,1,0
BRDA:112,7,0,0
BRDA:112,7,1,0
BRDA:113,8,0,0
BRDA:113,8,1,0
BRDA:117,9,0,0
BRDA:118,10,0,0
BRDA:118,11,0,0
BRDA:120,12,0,0
BRDA:120,12,1,0
BRF:20
BRH:0
end_of_record
TN:
SF:src\models\Player.js
FN:143,(anonymous_0)
FNF:1
FNH:0
FNDA:0,(anonymous_0)
DA:1,1
DA:3,1
DA:144,0
DA:145,0
DA:146,0
DA:153,1
DA:154,1
DA:155,1
DA:157,1
LF:9
LH:6
BRF:0
BRH:0
end_of_record
TN:
SF:src\routes\auth.js
FNF:0
FNH:0
DA:1,1
DA:2,1
DA:4,1
DA:11,1
DA:18,1
DA:20,1
LF:6
LH:6
BRF:0
BRH:0
end_of_record
TN:
SF:src\sockets\roomManager.js
FN:24,generateCode
FN:36,checkWinner
FN:48,roomForSocket
FN:56,freshBoard
FN:69,broadcastRoomState
FN:87,sanitizeRoomForClient
FN:109,removeFromQueue
FN:110,(anonymous_7)
FN:119,leaveCurrentRoom
FN:136,(anonymous_9)
FN:154,(anonymous_10)
FN:171,persistMatchResult
FN:203,startStaleRoomCleaner
FN:204,(anonymous_13)
FNF:14
FNH:4
FNDA:1,generateCode
FNDA:5,checkWinner
FNDA:0,roomForSocket
FNDA:1,freshBoard
FNDA:0,broadcastRoomState
FNDA:2,sanitizeRoomForClient
FNDA:0,removeFromQueue
FNDA:0,(anonymous_7)
FNDA:0,leaveCurrentRoom
FNDA:0,(anonymous_9)
FNDA:0,(anonymous_10)
FNDA:0,persistMatchResult
FNDA:0,startStaleRoomCleaner
FNDA:0,(anonymous_13)
DA:1,1
DA:2,1
DA:3,1
DA:6,1
DA:7,1
DA:8,1
DA:10,1
DA:25,1
DA:26,1
DA:27,1
DA:28,6
DA:30,1
DA:37,5
DA:38,29
DA:39,4
DA:42,1
DA:49,0
DA:50,0
DA:57,1
DA:70,0
DA:88,2
DA:89,2
DA:110,0
DA:111,0
DA:112,0
DA:120,0
DA:121,0
DA:122,0
DA:125,0
DA:126,0
DA:127,0
DA:129,0
DA:130,0
DA:133,0
DA:135,0
DA:136,0
DA:137,0
DA:138,0
DA:143,0
DA:144,0
DA:147,0
DA:150,0
DA:154,0
DA:155,0
DA:156,0
DA:157,0
DA:158,0
DA:159,0
DA:160,0
DA:162,0
DA:172,0
DA:173,0
DA:174,0
DA:175,0
DA:178,0
DA:179,0
DA:193,0
DA:194,0
DA:196,0
DA:204,0
DA:205,0
DA:206,0
DA:207,0
DA:208,0
DA:209,0
DA:211,0
DA:212,0
DA:213,0
DA:219,1
LF:69
LH:20
BRDA:30,0,0,0
BRDA:30,0,1,1
BRDA:38,1,0,4
BRDA:38,1,1,25
BRDA:38,2,0,29
BRDA:38,2,1,14
BRDA:38,2,2,5
BRDA:50,3,0,0
BRDA:50,3,1,0
BRDA:56,4,0,1
BRDA:61,5,0,1
BRDA:61,5,1,1
BRDA:91,6,0,1
BRDA:91,6,1,1
BRDA:111,7,0,0
BRDA:111,7,1,0
BRDA:121,8,0,0
BRDA:121,8,1,0
BRDA:129,9,0,0
BRDA:129,9,1,0
BRDA:133,10,0,0
BRDA:133,10,1,0
BRDA:135,11,0,0
BRDA:135,11,1,0
BRDA:138,12,0,0
BRDA:138,12,1,0
BRDA:139,13,0,0
BRDA:139,13,1,0
BRDA:139,13,2,0
BRDA:139,13,3,0
BRDA:139,13,4,0
BRDA:156,14,0,0
BRDA:156,14,1,0
BRDA:156,15,0,0
BRDA:156,15,1,0
BRDA:156,15,2,0
BRDA:157,16,0,0
BRDA:157,16,1,0
BRDA:157,17,0,0
BRDA:157,17,1,0
BRDA:159,18,0,0
BRDA:159,18,1,0
BRDA:173,19,0,0
BRDA:173,19,1,0
BRDA:178,20,0,0
BRDA:178,20,1,0
BRDA:178,21,0,0
BRDA:178,21,1,0
BRDA:208,22,0,0
BRDA:208,22,1,0
BRDA:211,23,0,0
BRDA:211,23,1,0
BRDA:211,24,0,0
BRDA:211,24,1,0
BRDA:211,24,2,0
BRF:55
BRH:11
end_of_record
TN:
SF:src\utils\logger.js
FN:15,(anonymous_0)
FN:31,(anonymous_1)
FN:73,(anonymous_2)
FN:81,logError
FN:95,logSocketEvent
FNF:5
FNH:2
FNDA:4,(anonymous_0)
FNDA:4,(anonymous_1)
FNDA:0,(anonymous_2)
FNDA:0,logError
FNDA:0,logSocketEvent
DA:1,1
DA:2,1
DA:3,1
DA:6,1
DA:7,1
DA:8,0
DA:12,1
DA:16,4
DA:17,4
DA:18,4
DA:20,4
DA:21,0
DA:23,4
DA:28,1
DA:32,4
DA:33,4
DA:34,4
DA:36,4
DA:40,1
DA:72,1
DA:73,0
DA:82,0
DA:96,0
DA:99,1
LF:24
LH:19
BRDA:7,0,0,0
BRDA:7,0,1,1
BRDA:17,1,0,4
BRDA:17,1,1,0
BRDA:20,2,0,0
BRDA:20,2,1,4
BRDA:33,3,0,4
BRDA:33,3,1,0
BRDA:41,4,0,1
BRDA:41,4,1,1
BRDA:41,5,0,0
BRDA:41,5,1,1
BRDA:72,6,0,0
BRDA:72,6,1,1
BRDA:81,7,0,0
BRF:15
BRH:8
end_of_record
TN:
SF:src\utils\validation.js
FN:29,validatePlayerName
FN:66,validateRoomCode
FN:86,validateChatMessage
FN:112,validateEmail
FN:136,validatePassword
FN:164,validateAvatarId
FN:185,validateThemeId
FN:205,sanitizeString
FN:218,validatePagination
FNF:9
FNH:7
FNDA:7,validatePlayerName
FNDA:4,validateRoomCode
FNDA:3,validateChatMessage
FNDA:2,validateEmail
FNDA:4,validatePassword
FNDA:0,validateAvatarId
FNDA:0,validateThemeId
FNDA:1,sanitizeString
FNDA:2,validatePagination
DA:6,1
DA:7,1
DA:8,1
DA:11,1
DA:14,1
DA:17,1
DA:20,1
DA:21,1
DA:30,7
DA:31,1
DA:34,6
DA:36,6
DA:37,1
DA:40,5
DA:41,1
DA:44,4
DA:47,4
DA:48,0
DA:52,4
DA:53,4
DA:54,2
DA:57,2
DA:67,4
DA:68,0
DA:71,4
DA:73,4
DA:74,2
DA:77,2
DA:87,3
DA:88,0
DA:91,3
DA:93,3
DA:94,1
DA:98,2
DA:99,2
DA:100,1
DA:103,1
DA:113,2
DA:114,0
DA:117,2
DA:119,2
DA:120,1
DA:123,1
DA:124,0
DA:127,1
DA:137,4
DA:138,0
DA:141,4
DA:142,1
DA:145,3
DA:146,0
DA:150,3
DA:151,2
DA:154,1
DA:165,0
DA:166,0
DA:169,0
DA:171,0
DA:172,0
DA:175,0
DA:186,0
DA:187,0
DA:190,0
DA:192,0
DA:193,0
DA:196,0
DA:206,1
DA:207,0
DA:209,1
DA:219,2
DA:220,2
DA:221,2
DA:224,1
LF:73
LH:53
BRDA:30,0,0,1
BRDA:30,0,1,6
BRDA:30,1,0,7
BRDA:30,1,1,6
BRDA:36,2,0,1
BRDA:36,2,1,5
BRDA:40,3,0,1
BRDA:40,3,1,4
BRDA:47,4,0,0
BRDA:47,4,1,4
BRDA:53,5,0,2
BRDA:53,5,1,2
BRDA:67,6,0,0
BRDA:67,6,1,4
BRDA:67,7,0,4
BRDA:67,7,1,4
BRDA:73,8,0,2
BRDA:73,8,1,2
BRDA:87,9,0,0
BRDA:87,9,1,3
BRDA:87,10,0,3
BRDA:87,10,1,3
BRDA:93,11,0,1
BRDA:93,11,1,2
BRDA:99,12,0,1
BRDA:99,12,1,1
BRDA:113,13,0,0
BRDA:113,13,1,2
BRDA:113,14,0,2
BRDA:113,14,1,2
BRDA:119,15,0,1
BRDA:119,15,1,1
BRDA:123,16,0,0
BRDA:123,16,1,1
BRDA:137,17,0,0
BRDA:137,17,1,4
BRDA:137,18,0,4
BRDA:137,18,1,4
BRDA:141,19,0,1
BRDA:141,19,1,3
BRDA:145,20,0,0
BRDA:145,20,1,3
BRDA:150,21,0,2
BRDA:150,21,1,1
BRDA:150,22,0,3
BRDA:150,22,1,2
BRDA:165,23,0,0
BRDA:165,23,1,0
BRDA:165,24,0,0
BRDA:165,24,1,0
BRDA:171,25,0,0
BRDA:171,25,1,0
BRDA:186,26,0,0
BRDA:186,26,1,0
BRDA:186,27,0,0
BRDA:186,27,1,0
BRDA:192,28,0,0
BRDA:192,28,1,0
BRDA:205,29,0,0
BRDA:206,30,0,0
BRDA:206,30,1,1
BRDA:206,31,0,1
BRDA:206,31,1,1
BRDA:218,32,0,0
BRDA:218,33,0,0
BRDA:219,34,0,2
BRDA:219,34,1,1
BRDA:220,35,0,2
BRDA:220,35,1,0
BRF:69
BRH:45
end_of_record
